Model_2021-06-10_22-47-29,1623358050.374,0.5,0.25013,0.5,0.25019
Model_2021-06-10_22-47-29,1623358050.392,0.47,0.24979,0.5,0.25094
Model_2021-06-10_22-47-29,1623358050.41,0.45,0.25326,0.42,0.25853
Model_2021-06-10_22-47-29,1623358050.427,0.52,0.2514,0.5,0.24907
Model_2021-06-10_22-47-29,1623358050.444,0.47,0.24989,0.5,0.24902
Model_2021-06-10_22-47-29,1623358050.46,0.51,0.24968,0.58,0.24762
Model_2021-06-10_22-47-29,1623358050.478,0.47,0.25089,0.56,0.24869
Model_2021-06-10_22-47-29,1623358050.496,0.54,0.24879,0.62,0.24683
Model_2021-06-10_22-47-29,1623358050.513,0.53,0.24857,0.49,0.25021
Model_2021-06-10_22-47-29,1623358050.531,0.56,0.24686,0.51,0.24993
Model_2021-06-10_22-47-29,1623358050.549,0.44,0.25439,0.54,0.24926
Model_2021-06-10_22-47-29,1623358050.566,0.56,0.24796,0.54,0.24968
Model_2021-06-10_22-47-29,1623358050.584,0.58,0.24491,0.51,0.25062
Model_2021-06-10_22-47-29,1623358050.602,0.39,0.26337,0.39,0.26043
Model_2021-06-10_22-47-29,1623358050.618,0.53,0.25041,0.51,0.24884
Model_2021-06-10_22-47-29,1623358050.635,0.5,0.24951,0.49,0.25117
Model_2021-06-10_22-47-29,1623358050.656,0.49,0.25088,0.41,0.2521
Model_2021-06-10_22-47-29,1623358050.676,0.52,0.24972,0.54,0.2494
Model_2021-06-10_22-47-29,1623358050.692,0.59,0.24747,0.52,0.24991
Model_2021-06-10_22-47-29,1623358050.71,0.55,0.24635,0.41,0.25725
Model_2021-06-10_22-47-29,1623358050.728,0.51,0.24984,0.54,0.24831
Model_2021-06-10_22-47-29,1623358050.743,0.43,0.25609,0.57,0.24568
Model_2021-06-10_22-47-29,1623358050.757,0.5,0.25099,0.55,0.2464
Model_2021-06-10_22-47-29,1623358050.771,0.49,0.24941,0.57,0.24884
Model_2021-06-10_22-47-29,1623358050.786,0.56,0.24888,0.48,0.25126
Model_2021-06-10_22-47-29,1623358050.8,0.6,0.24568,0.51,0.24899
Model_2021-06-10_22-47-29,1623358050.814,0.54,0.24561,0.47,0.24949
Model_2021-06-10_22-47-29,1623358050.828,0.45,0.25013,0.59,0.24916
Model_2021-06-10_22-47-29,1623358050.842,0.61,0.24539,0.56,0.24298
Model_2021-06-10_22-47-29,1623358050.856,0.46,0.25049,0.54,0.24262
Model_2021-06-10_22-47-29,1623358050.87,0.5,0.25053,0.56,0.24307
Model_2021-06-10_22-47-29,1623358050.887,0.53,0.24455,0.69,0.23964
Model_2021-06-10_22-47-29,1623358050.903,0.54,0.24778,0.54,0.24449
Model_2021-06-10_22-47-29,1623358050.921,0.48,0.25829,0.63,0.23927
Model_2021-06-10_22-47-29,1623358050.936,0.62,0.24199,0.51,0.24899
Model_2021-06-10_22-47-29,1623358050.954,0.54,0.24393,0.51,0.25029
Model_2021-06-10_22-47-29,1623358050.976,0.47,0.25429,0.55,0.24002
Model_2021-06-10_22-47-29,1623358050.993,0.56,0.24313,0.55,0.24335
Model_2021-06-10_22-47-29,1623358051.01,0.49,0.24925,0.53,0.2482
Model_2021-06-10_22-47-29,1623358051.027,0.66,0.24008,0.49,0.24518
Model_2021-06-10_22-47-29,1623358051.043,0.5,0.25259,0.59,0.24084
Model_2021-06-10_22-47-29,1623358051.06,0.63,0.24144,0.55,0.24681
Model_2021-06-10_22-47-29,1623358051.077,0.66,0.23681,0.55,0.24988
Model_2021-06-10_22-47-29,1623358051.093,0.54,0.24542,0.5,0.25159
Model_2021-06-10_22-47-29,1623358051.111,0.57,0.24647,0.56,0.24052
Model_2021-06-10_22-47-29,1623358051.126,0.56,0.24508,0.55,0.24167
Model_2021-06-10_22-47-29,1623358051.144,0.63,0.23792,0.6,0.24783
Model_2021-06-10_22-47-29,1623358051.161,0.62,0.2401,0.7,0.23654
Model_2021-06-10_22-47-29,1623358051.176,0.63,0.24375,0.68,0.23023
Model_2021-06-10_22-47-29,1623358051.193,0.63,0.2368,0.65,0.23342
Model_2021-06-10_22-47-29,1623358051.21,0.61,0.23363,0.59,0.23893
Model_2021-06-10_22-47-29,1623358051.226,0.5,0.25918,0.6,0.23584
Model_2021-06-10_22-47-29,1623358051.244,0.52,0.24526,0.56,0.24106
Model_2021-06-10_22-47-29,1623358051.259,0.53,0.25389,0.59,0.24154
Model_2021-06-10_22-47-29,1623358051.276,0.56,0.24234,0.5,0.24887
Model_2021-06-10_22-47-29,1623358051.293,0.57,0.23586,0.61,0.24842
Model_2021-06-10_22-47-29,1623358051.309,0.62,0.23536,0.6,0.23034
Model_2021-06-10_22-47-29,1623358051.325,0.54,0.25691,0.64,0.22601
Model_2021-06-10_22-47-29,1623358051.342,0.63,0.23337,0.73,0.22557
Model_2021-06-10_22-47-29,1623358051.359,0.73,0.23051,0.61,0.2303
Model_2021-06-10_22-47-29,1623358051.376,0.58,0.23572,0.58,0.24286
Model_2021-06-10_22-47-29,1623358051.392,0.56,0.24961,0.58,0.24957
Model_2021-06-10_22-47-29,1623358051.409,0.53,0.25202,0.49,0.25336
Model_2021-06-10_22-47-29,1623358051.426,0.57,0.24581,0.59,0.23749
Model_2021-06-10_22-47-29,1623358051.442,0.63,0.24331,0.56,0.23855
Model_2021-06-10_22-47-29,1623358051.46,0.58,0.24092,0.58,0.24094
Model_2021-06-10_22-47-29,1623358051.482,0.54,0.24702,0.57,0.24551
Model_2021-06-10_22-47-29,1623358051.498,0.5,0.24966,0.57,0.23703
Model_2021-06-10_22-47-29,1623358051.515,0.52,0.24743,0.59,0.2442
Model_2021-06-10_22-47-29,1623358051.532,0.62,0.23735,0.56,0.24254
Model_2021-06-10_22-47-29,1623358051.547,0.59,0.24456,0.56,0.24208
Model_2021-06-10_22-47-29,1623358051.566,0.57,0.24453,0.56,0.24446
Model_2021-06-10_22-47-29,1623358051.588,0.64,0.24106,0.6,0.23715
Model_2021-06-10_22-47-29,1623358051.61,0.66,0.23692,0.69,0.22597
Model_2021-06-10_22-47-29,1623358051.629,0.51,0.25014,0.66,0.23285
Model_2021-06-10_22-47-29,1623358051.65,0.56,0.24333,0.62,0.23684
Model_2021-06-10_22-47-29,1623358051.671,0.61,0.22973,0.66,0.23324
Model_2021-06-10_22-47-29,1623358051.687,0.66,0.22249,0.61,0.23375
Model_2021-06-10_22-47-29,1623358051.706,0.61,0.23697,0.65,0.22616
Model_2021-06-10_22-47-29,1623358051.727,0.6,0.24388,0.59,0.2269
Model_2021-06-10_22-47-29,1623358051.744,0.65,0.22775,0.62,0.231
Model_2021-06-10_22-47-29,1623358051.76,0.64,0.22994,0.66,0.2264
Model_2021-06-10_22-47-29,1623358051.777,0.65,0.22703,0.64,0.22665
Model_2021-06-10_22-47-29,1623358051.794,0.62,0.22084,0.56,0.24299
Model_2021-06-10_22-47-29,1623358051.81,0.53,0.24251,0.59,0.22869
Model_2021-06-10_22-47-29,1623358051.828,0.52,0.2624,0.54,0.26124
Model_2021-06-10_22-47-29,1623358051.844,0.54,0.24427,0.62,0.22653
Model_2021-06-10_22-47-29,1623358051.86,0.59,0.23879,0.58,0.23679
Model_2021-06-10_22-47-29,1623358051.877,0.56,0.25423,0.53,0.2587
Model_2021-06-10_22-47-29,1623358051.892,0.66,0.2206,0.6,0.23925
Model_2021-06-10_22-47-29,1623358051.909,0.51,0.25705,0.52,0.25537
Model_2021-06-10_22-47-29,1623358051.926,0.41,0.26852,0.5,0.24798
Model_2021-06-10_22-47-29,1623358051.942,0.55,0.24876,0.61,0.2335
Model_2021-06-10_22-47-29,1623358051.959,0.62,0.23507,0.64,0.23513
Model_2021-06-10_22-47-29,1623358051.975,0.58,0.23806,0.54,0.24684
Model_2021-06-10_22-47-29,1623358051.992,0.63,0.2348,0.6,0.23673
Model_2021-06-10_22-47-29,1623358052.01,0.58,0.24013,0.58,0.24045
Model_2021-06-10_22-47-29,1623358052.025,0.63,0.22985,0.54,0.24782
Model_2021-06-10_22-47-29,1623358052.042,0.51,0.25793,0.6,0.23503
Model_2021-06-10_22-47-29,1623358052.061,0.55,0.24089,0.62,0.23751
Model_2021-06-10_22-47-29,1623358052.078,0.55,0.24179,0.63,0.23512
Model_2021-06-10_22-47-29,1623358052.095,0.59,0.23687,0.64,0.2367
Model_2021-06-10_22-47-29,1623358052.112,0.54,0.24153,0.54,0.24703
Model_2021-06-10_22-47-29,1623358052.129,0.57,0.24549,0.59,0.23935
Model_2021-06-10_22-47-29,1623358052.146,0.58,0.24571,0.58,0.23956
Model_2021-06-10_22-47-29,1623358052.164,0.61,0.24124,0.67,0.23924
Model_2021-06-10_22-47-29,1623358052.181,0.58,0.23785,0.57,0.24527
Model_2021-06-10_22-47-29,1623358052.198,0.64,0.23837,0.6,0.2419
Model_2021-06-10_22-47-29,1623358052.216,0.68,0.22457,0.64,0.23109
Model_2021-06-10_22-47-29,1623358052.231,0.59,0.23587,0.65,0.22971
Model_2021-06-10_22-47-29,1623358052.248,0.65,0.2261,0.77,0.21555
Model_2021-06-10_22-47-29,1623358052.265,0.58,0.2415,0.58,0.24012
Model_2021-06-10_22-47-29,1623358052.286,0.6,0.23888,0.56,0.2345
Model_2021-06-10_22-47-29,1623358052.307,0.66,0.21996,0.75,0.20258
Model_2021-06-10_22-47-29,1623358052.329,0.67,0.22088,0.63,0.22609
Model_2021-06-10_22-47-29,1623358052.349,0.67,0.21679,0.67,0.21587
Model_2021-06-10_22-47-29,1623358052.366,0.67,0.22703,0.61,0.24931
Model_2021-06-10_22-47-29,1623358052.383,0.67,0.21768,0.55,0.24037
Model_2021-06-10_22-47-29,1623358052.401,0.64,0.22188,0.71,0.20915
Model_2021-06-10_22-47-29,1623358052.423,0.62,0.22571,0.63,0.23073
Model_2021-06-10_22-47-29,1623358052.446,0.53,0.25562,0.74,0.20245
Model_2021-06-10_22-47-29,1623358052.468,0.69,0.21288,0.65,0.2205
Model_2021-06-10_22-47-29,1623358052.489,0.69,0.21367,0.65,0.22156
Model_2021-06-10_22-47-29,1623358052.512,0.49,0.26595,0.57,0.25012
Model_2021-06-10_22-47-29,1623358052.534,0.59,0.23527,0.57,0.23475
Model_2021-06-10_22-47-29,1623358052.555,0.53,0.24447,0.55,0.25163
Model_2021-06-10_22-47-29,1623358052.577,0.7,0.21132,0.64,0.22077
Model_2021-06-10_22-47-29,1623358052.594,0.65,0.21463,0.6,0.23608
Model_2021-06-10_22-47-29,1623358052.611,0.65,0.23307,0.68,0.20932
Model_2021-06-10_22-47-29,1623358052.63,0.65,0.22971,0.62,0.21952
Model_2021-06-10_22-47-29,1623358052.652,0.62,0.23461,0.57,0.23286
Model_2021-06-10_22-47-29,1623358052.672,0.61,0.21959,0.63,0.22066
Model_2021-06-10_22-47-29,1623358052.693,0.58,0.23585,0.65,0.22779
Model_2021-06-10_22-47-29,1623358052.715,0.62,0.23193,0.62,0.23524
Model_2021-06-10_22-47-29,1623358052.735,0.61,0.23829,0.61,0.23122
Model_2021-06-10_22-47-29,1623358052.75,0.61,0.22457,0.7,0.2022
Model_2021-06-10_22-47-29,1623358052.767,0.58,0.2283,0.59,0.23404
Model_2021-06-10_22-47-29,1623358052.783,0.61,0.23181,0.57,0.23383
Model_2021-06-10_22-47-29,1623358052.799,0.61,0.23555,0.53,0.25363
Model_2021-06-10_22-47-29,1623358052.816,0.59,0.22522,0.53,0.26337
Model_2021-06-10_22-47-29,1623358052.832,0.62,0.23516,0.59,0.22986
Model_2021-06-10_22-47-29,1623358052.849,0.57,0.2504,0.7,0.21625
Model_2021-06-10_22-47-29,1623358052.866,0.74,0.20683,0.72,0.21072
Model_2021-06-10_22-47-29,1623358052.886,0.65,0.2235,0.56,0.23524
Model_2021-06-10_22-47-29,1623358052.909,0.55,0.24741,0.71,0.21744
Model_2021-06-10_22-47-29,1623358052.93,0.61,0.23552,0.69,0.21264
Model_2021-06-10_22-47-29,1623358052.951,0.63,0.22881,0.59,0.23385
Model_2021-06-10_22-47-29,1623358052.968,0.68,0.21321,0.68,0.21562
Model_2021-06-10_22-47-29,1623358052.984,0.67,0.21131,0.63,0.22529
Model_2021-06-10_22-47-29,1623358053.004,0.59,0.23311,0.63,0.2299
Model_2021-06-10_22-47-29,1623358053.026,0.68,0.21567,0.74,0.20661
Model_2021-06-10_22-47-29,1623358053.048,0.59,0.23601,0.63,0.21807
Model_2021-06-10_22-47-29,1623358053.07,0.67,0.21095,0.71,0.20847
Model_2021-06-10_22-47-29,1623358053.086,0.6,0.23102,0.72,0.20678
Model_2021-06-10_22-47-29,1623358053.103,0.67,0.2126,0.64,0.22868
Model_2021-06-10_22-47-29,1623358053.119,0.56,0.23942,0.63,0.23209
Model_2021-06-10_22-47-29,1623358053.136,0.58,0.23747,0.59,0.2494
Model_2021-06-10_22-47-29,1623358053.153,0.59,0.22661,0.69,0.21483
Model_2021-06-10_22-47-29,1623358053.169,0.62,0.22342,0.68,0.22461
Model_2021-06-10_22-47-29,1623358053.186,0.73,0.19912,0.64,0.21965
Model_2021-06-10_22-47-29,1623358053.203,0.61,0.23326,0.69,0.21533
Model_2021-06-10_22-47-29,1623358053.224,0.61,0.21901,0.66,0.21518
Model_2021-06-10_22-47-29,1623358053.245,0.57,0.23219,0.67,0.20617
Model_2021-06-10_22-47-29,1623358053.267,0.77,0.19771,0.53,0.24581
Model_2021-06-10_22-47-29,1623358053.289,0.62,0.23363,0.7,0.21056
Model_2021-06-10_22-47-29,1623358053.31,0.58,0.23996,0.69,0.20404
Model_2021-06-10_22-47-29,1623358053.327,0.63,0.22247,0.6,0.21383
Model_2021-06-10_22-47-29,1623358053.342,0.65,0.2184,0.61,0.21995
Model_2021-06-10_22-47-29,1623358053.357,0.57,0.23359,0.57,0.23098
Model_2021-06-10_22-47-29,1623358053.376,0.58,0.2302,0.69,0.2171
Model_2021-06-10_22-47-29,1623358053.398,0.64,0.20837,0.61,0.22501
Model_2021-06-10_22-47-29,1623358053.42,0.63,0.21581,0.61,0.23334
Model_2021-06-10_22-47-29,1623358053.443,0.71,0.20712,0.65,0.21943
Model_2021-06-10_22-47-29,1623358053.463,0.65,0.21583,0.66,0.21736
Model_2021-06-10_22-47-29,1623358053.484,0.67,0.21759,0.59,0.23264
Model_2021-06-10_22-47-29,1623358053.506,0.55,0.23654,0.57,0.24164
Model_2021-06-10_22-47-29,1623358053.527,0.66,0.22771,0.68,0.2236
Model_2021-06-10_22-47-29,1623358053.549,0.67,0.21405,0.71,0.20954
Model_2021-06-10_22-47-29,1623358053.568,0.61,0.22966,0.64,0.21943
Model_2021-06-10_22-47-29,1623358053.584,0.66,0.20918,0.6,0.23075
Model_2021-06-10_22-47-29,1623358053.601,0.62,0.22554,0.65,0.2174
Model_2021-06-10_22-47-29,1623358053.618,0.58,0.23135,0.64,0.21915
Model_2021-06-10_22-47-29,1623358053.634,0.67,0.20381,0.64,0.2245
Model_2021-06-10_22-47-29,1623358053.651,0.63,0.22881,0.58,0.2202
Model_2021-06-10_22-47-29,1623358053.673,0.78,0.18773,0.65,0.21756
Model_2021-06-10_22-47-29,1623358053.694,0.63,0.22722,0.61,0.23015
Model_2021-06-10_22-47-29,1623358053.711,0.65,0.20694,0.75,0.18713
Model_2021-06-10_22-47-29,1623358053.729,0.57,0.25324,0.6,0.25236
Model_2021-06-10_22-47-29,1623358053.743,0.53,0.24758,0.71,0.2035
Model_2021-06-10_22-47-29,1623358053.757,0.67,0.21414,0.65,0.23329
Model_2021-06-10_22-47-29,1623358053.771,0.62,0.22957,0.6,0.21658
Model_2021-06-10_22-47-29,1623358053.785,0.56,0.25084,0.55,0.26019
Model_2021-06-10_22-47-29,1623358053.798,0.6,0.24985,0.57,0.25404
Model_2021-06-10_22-47-29,1623358053.812,0.71,0.19739,0.61,0.23077
Model_2021-06-10_22-47-29,1623358053.833,0.6,0.23111,0.65,0.21983
Model_2021-06-10_22-47-29,1623358053.848,0.49,0.24825,0.61,0.23714
Model_2021-06-10_22-47-29,1623358053.865,0.6,0.22482,0.69,0.21283
Model_2021-06-10_22-47-29,1623358053.882,0.65,0.22879,0.65,0.23054
Model_2021-06-10_22-47-29,1623358053.897,0.56,0.23676,0.58,0.21748
Model_2021-06-10_22-47-29,1623358053.914,0.64,0.20801,0.61,0.2428
Model_2021-06-10_22-47-29,1623358053.929,0.68,0.22131,0.63,0.24108
Model_2021-06-10_22-47-29,1623358053.947,0.72,0.2216,0.59,0.2375
Model_2021-06-10_22-47-29,1623358053.969,0.59,0.24546,0.62,0.22984
Model_2021-06-10_22-47-29,1623358053.986,0.62,0.22656,0.64,0.22809
Model_2021-06-10_22-47-29,1623358054.001,0.65,0.22074,0.59,0.23216
Model_2021-06-10_22-47-29,1623358054.019,0.63,0.2209,0.67,0.22222
Model_2021-06-10_22-47-29,1623358054.035,0.63,0.22943,0.71,0.20025
Model_2021-06-10_22-47-29,1623358054.052,0.64,0.21299,0.6,0.21537
Model_2021-06-10_22-47-29,1623358054.065,0.66,0.22295,0.64,0.21611
Model_2021-06-10_22-47-29,1623358054.086,0.6,0.22944,0.59,0.23165
Model_2021-06-10_22-47-29,1623358054.107,0.64,0.22057,0.59,0.22115
Model_2021-06-10_22-47-29,1623358054.125,0.62,0.22874,0.65,0.23044
Model_2021-06-10_22-47-29,1623358054.14,0.59,0.22096,0.67,0.2191
Model_2021-06-10_22-47-29,1623358054.157,0.68,0.20268,0.59,0.23623
Model_2021-06-10_22-47-29,1623358054.172,0.7,0.21065,0.7,0.21568
Model_2021-06-10_22-47-29,1623358054.19,0.7,0.18797,0.66,0.21239
Model_2021-06-10_22-47-29,1623358054.207,0.51,0.25283,0.73,0.19331
Model_2021-06-10_22-47-29,1623358054.227,0.65,0.23401,0.68,0.22128
Model_2021-06-10_22-47-29,1623358054.248,0.62,0.22999,0.58,0.23812
Model_2021-06-10_22-47-29,1623358054.27,0.65,0.22431,0.64,0.21736
Model_2021-06-10_22-47-29,1623358054.29,0.63,0.22542,0.66,0.21508
Model_2021-06-10_22-47-29,1623358054.307,0.6,0.23105,0.64,0.21391
Model_2021-06-10_22-47-29,1623358054.323,0.65,0.22372,0.61,0.22947
Model_2021-06-10_22-47-29,1623358054.34,0.56,0.22681,0.61,0.20096
Model_2021-06-10_22-47-29,1623358054.353,0.692,0.21333,0.67,0.21172
Model_2021-06-10_22-47-29,1623358054.371,0.75,0.20528,0.64,0.23103
Model_2021-06-10_22-47-29,1623358054.388,0.69,0.20206,0.69,0.20499
Model_2021-06-10_22-47-29,1623358054.403,0.66,0.21339,0.79,0.18047
Model_2021-06-10_22-47-29,1623358054.42,0.63,0.22378,0.63,0.21283
Model_2021-06-10_22-47-29,1623358054.437,0.75,0.18605,0.74,0.20511
Model_2021-06-10_22-47-29,1623358054.454,0.71,0.21419,0.67,0.21728
Model_2021-06-10_22-47-29,1623358054.472,0.63,0.22711,0.71,0.2013
Model_2021-06-10_22-47-29,1623358054.488,0.64,0.21957,0.72,0.19039
Model_2021-06-10_22-47-29,1623358054.504,0.68,0.20575,0.7,0.20715
Model_2021-06-10_22-47-29,1623358054.522,0.63,0.22539,0.61,0.23858
Model_2021-06-10_22-47-29,1623358054.537,0.61,0.22408,0.71,0.19583
Model_2021-06-10_22-47-29,1623358054.554,0.67,0.22861,0.61,0.23066
Model_2021-06-10_22-47-29,1623358054.57,0.67,0.19865,0.56,0.23893
Model_2021-06-10_22-47-29,1623358054.587,0.55,0.25063,0.58,0.23473
Model_2021-06-10_22-47-29,1623358054.604,0.65,0.21885,0.75,0.19398
Model_2021-06-10_22-47-29,1623358054.626,0.69,0.20854,0.59,0.24556
Model_2021-06-10_22-47-29,1623358054.647,0.56,0.24899,0.71,0.2009
Model_2021-06-10_22-47-29,1623358054.667,0.63,0.22209,0.67,0.21214
Model_2021-06-10_22-47-29,1623358054.69,0.66,0.22712,0.66,0.21013
Model_2021-06-10_22-47-29,1623358054.707,0.73,0.19759,0.68,0.20807
Model_2021-06-10_22-47-29,1623358054.723,0.66,0.21908,0.71,0.20336
Model_2021-06-10_22-47-29,1623358054.741,0.62,0.21035,0.68,0.21056
Model_2021-06-10_22-47-29,1623358054.758,0.71,0.21724,0.7,0.19692
Model_2021-06-10_22-47-29,1623358054.774,0.53,0.24759,0.61,0.239
Model_2021-06-10_22-47-29,1623358054.791,0.61,0.21626,0.71,0.19821
Model_2021-06-10_22-47-29,1623358054.808,0.68,0.22183,0.75,0.19156
Model_2021-06-10_22-47-29,1623358054.824,0.66,0.21542,0.66,0.21496
Model_2021-06-10_22-47-29,1623358054.841,0.67,0.20939,0.61,0.23522
Model_2021-06-10_22-47-29,1623358054.857,0.65,0.22563,0.52,0.25374
Model_2021-06-10_22-47-29,1623358054.876,0.52,0.27844,0.58,0.23295
Model_2021-06-10_22-47-29,1623358054.895,0.57,0.23121,0.66,0.21263
Model_2021-06-10_22-47-29,1623358054.916,0.65,0.22065,0.74,0.19703
Model_2021-06-10_22-47-29,1623358054.939,0.62,0.21738,0.71,0.19752
Model_2021-06-10_22-47-29,1623358054.96,0.56,0.24408,0.58,0.24274
Model_2021-06-10_22-47-29,1623358054.982,0.56,0.24418,0.68,0.20179
Model_2021-06-10_22-47-29,1623358054.999,0.65,0.20709,0.66,0.21965
Model_2021-06-10_22-47-29,1623358055.017,0.68,0.20764,0.67,0.20504
Model_2021-06-10_22-47-29,1623358055.037,0.68,0.21228,0.77,0.20028
Model_2021-06-10_22-47-29,1623358055.053,0.67,0.20029,0.72,0.20619
Model_2021-06-10_22-47-29,1623358055.07,0.75,0.19656,0.7,0.19734
Model_2021-06-10_22-47-29,1623358055.087,0.58,0.25074,0.61,0.22655
Model_2021-06-10_22-47-29,1623358055.103,0.66,0.20957,0.69,0.19595
Model_2021-06-10_22-47-29,1623358055.121,0.66,0.20902,0.63,0.22738
Model_2021-06-10_22-47-29,1623358055.143,0.61,0.23018,0.65,0.21015
Model_2021-06-10_22-47-29,1623358055.159,0.6,0.23806,0.74,0.18344
Model_2021-06-10_22-47-29,1623358055.176,0.65,0.20625,0.69,0.20438
Model_2021-06-10_22-47-29,1623358055.193,0.66,0.21905,0.65,0.22202
Model_2021-06-10_22-47-29,1623358055.215,0.73,0.20623,0.7,0.19626
Model_2021-06-10_22-47-29,1623358055.236,0.61,0.23812,0.64,0.22031
Model_2021-06-10_22-47-29,1623358055.258,0.71,0.20945,0.67,0.21721
Model_2021-06-10_22-47-29,1623358055.277,0.63,0.20571,0.62,0.21718
Model_2021-06-10_22-47-29,1623358055.294,0.66,0.20795,0.69,0.18872
Model_2021-06-10_22-47-29,1623358055.316,0.62,0.23094,0.73,0.19862
Model_2021-06-10_22-47-29,1623358055.338,0.63,0.21533,0.75,0.21024
Model_2021-06-10_22-47-29,1623358055.359,0.63,0.22433,0.57,0.25747
Model_2021-06-10_22-47-29,1623358055.381,0.64,0.22284,0.65,0.23217
Model_2021-06-10_22-47-29,1623358055.405,0.65,0.21596,0.62,0.23799
Model_2021-06-10_22-47-29,1623358055.426,0.62,0.23409,0.6,0.23116
Model_2021-06-10_22-47-29,1623358055.44,0.65,0.20785,0.64,0.22282
Model_2021-06-10_22-47-29,1623358055.458,0.6,0.22947,0.71,0.19356
Model_2021-06-10_22-47-29,1623358055.474,0.69,0.21242,0.63,0.224
Model_2021-06-10_22-47-29,1623358055.491,0.69,0.20278,0.7,0.20812
Model_2021-06-10_22-47-29,1623358055.508,0.64,0.21331,0.72,0.18336
Model_2021-06-10_22-47-29,1623358055.524,0.63,0.2261,0.59,0.22497
Model_2021-06-10_22-47-29,1623358055.541,0.63,0.2218,0.67,0.21874
Model_2021-06-10_22-47-29,1623358055.561,0.67,0.21417,0.64,0.21519
Model_2021-06-10_22-47-29,1623358055.577,0.69,0.20815,0.67,0.20986
Model_2021-06-10_22-47-29,1623358055.595,0.64,0.21964,0.78,0.18262
Model_2021-06-10_22-47-29,1623358055.617,0.66,0.22049,0.67,0.21335
Model_2021-06-10_22-47-29,1623358055.637,0.68,0.1919,0.58,0.23649
Model_2021-06-10_22-47-29,1623358055.659,0.71,0.19154,0.64,0.20632
Model_2021-06-10_22-47-29,1623358055.677,0.66,0.21796,0.67,0.22191
Model_2021-06-10_22-47-29,1623358055.691,0.73,0.1931,0.73,0.20226
Model_2021-06-10_22-47-29,1623358055.705,0.66,0.22044,0.73,0.18705
Model_2021-06-10_22-47-29,1623358055.72,0.67,0.2067,0.73,0.18791
Model_2021-06-10_22-47-29,1623358055.738,0.67,0.20245,0.62,0.21633
Model_2021-06-10_22-47-29,1623358055.756,0.67,0.18991,0.7,0.20388
Model_2021-06-10_22-47-29,1623358055.772,0.66,0.20229,0.65,0.21412
Model_2021-06-10_22-47-29,1623358055.789,0.68,0.19315,0.67,0.22241
Model_2021-06-10_22-47-29,1623358055.805,0.63,0.22608,0.64,0.22634
Model_2021-06-10_22-47-29,1623358055.822,0.65,0.21349,0.72,0.20462
Model_2021-06-10_22-47-29,1623358055.84,0.69,0.20878,0.63,0.20667
Model_2021-06-10_22-47-29,1623358055.862,0.69,0.20341,0.66,0.20285
Model_2021-06-10_22-47-29,1623358055.883,0.73,0.19197,0.63,0.21502
Model_2021-06-10_22-47-29,1623358055.903,0.62,0.22111,0.61,0.21589
Model_2021-06-10_22-47-29,1623358055.925,0.6,0.23112,0.73,0.19545
Model_2021-06-10_22-47-29,1623358055.946,0.62,0.22701,0.61,0.21914
Model_2021-06-10_22-47-29,1623358055.963,0.67,0.23682,0.7,0.1918
Model_2021-06-10_22-47-29,1623358055.983,0.68,0.21857,0.69,0.21375
Model_2021-06-10_22-47-29,1623358056.004,0.72,0.17627,0.61,0.21181
Model_2021-06-10_22-47-29,1623358056.025,0.68,0.21424,0.65,0.22144
Model_2021-06-10_22-47-29,1623358056.041,0.72,0.20396,0.62,0.22592
Model_2021-06-10_22-47-29,1623358056.058,0.75,0.19254,0.57,0.24055
Model_2021-06-10_22-47-29,1623358056.076,0.56,0.24388,0.61,0.22309
Model_2021-06-10_22-47-29,1623358056.091,0.62,0.21951,0.66,0.22169
Model_2021-06-10_22-47-29,1623358056.104,0.73,0.181,0.77,0.17788
Model_2021-06-10_22-47-29,1623358056.118,0.69,0.19739,0.66,0.21795
Model_2021-06-10_22-47-29,1623358056.132,0.7,0.19852,0.66,0.20395
Model_2021-06-10_22-47-29,1623358056.149,0.71,0.19106,0.71,0.22559
Model_2021-06-10_22-47-29,1623358056.171,0.68,0.21508,0.76,0.18642
Model_2021-06-10_22-47-29,1623358056.192,0.69,0.20802,0.65,0.20311
Model_2021-06-10_22-47-29,1623358056.21,0.82,0.17383,0.6,0.23186
Model_2021-06-10_22-47-29,1623358056.225,0.7,0.19393,0.74,0.17531
Model_2021-06-10_22-47-29,1623358056.242,0.65,0.20126,0.68,0.21115
Model_2021-06-10_22-47-29,1623358056.258,0.68,0.22275,0.7,0.19017
Model_2021-06-10_22-47-29,1623358056.274,0.68,0.18752,0.75,0.19269
Model_2021-06-10_22-47-29,1623358056.292,0.61,0.22503,0.74,0.17524
Model_2021-06-10_22-47-29,1623358056.308,0.71,0.18833,0.6,0.2238
Model_2021-06-10_22-47-29,1623358056.325,0.75,0.16611,0.69,0.20803
Model_2021-06-10_22-47-29,1623358056.342,0.69,0.20514,0.73,0.17083
Model_2021-06-10_22-47-29,1623358056.358,0.68,0.19147,0.65,0.19626
Model_2021-06-10_22-47-29,1623358056.375,0.71,0.21351,0.66,0.22735
Model_2021-06-10_22-47-29,1623358056.393,0.7,0.20237,0.7,0.19673
Model_2021-06-10_22-47-29,1623358056.408,0.74,0.17991,0.65,0.21879
Model_2021-06-10_22-47-29,1623358056.427,0.73,0.18916,0.66,0.21319
Model_2021-06-10_22-47-29,1623358056.449,0.72,0.18371,0.69,0.19822
Model_2021-06-10_22-47-29,1623358056.471,0.74,0.19041,0.7,0.20038
Model_2021-06-10_22-47-29,1623358056.491,0.69,0.18843,0.69,0.20842
Model_2021-06-10_22-47-29,1623358056.51,0.76,0.16878,0.75,0.1909
Model_2021-06-10_22-47-29,1623358056.527,0.71,0.18872,0.73,0.19826
Model_2021-06-10_22-47-29,1623358056.542,0.66,0.21104,0.72,0.20895
Model_2021-06-10_22-47-29,1623358056.559,0.76,0.16358,0.59,0.2348
Model_2021-06-10_22-47-29,1623358056.576,0.8,0.14826,0.6,0.24086
Model_2021-06-10_22-47-29,1623358056.591,0.58,0.26656,0.68,0.19864
Model_2021-06-10_22-47-29,1623358056.609,0.68,0.19158,0.69,0.20963
Model_2021-06-10_22-47-29,1623358056.625,0.7,0.20296,0.73,0.17448
Model_2021-06-10_22-47-29,1623358056.641,0.68,0.19586,0.62,0.21606
Model_2021-06-10_22-47-29,1623358056.658,0.69,0.18104,0.69,0.17747
Model_2021-06-10_22-47-29,1623358056.678,0.63,0.22867,0.67,0.20542
Model_2021-06-10_22-47-29,1623358056.699,0.66,0.22362,0.64,0.23025
Model_2021-06-10_22-47-29,1623358056.72,0.71,0.18771,0.71,0.18015
Model_2021-06-10_22-47-29,1623358056.742,0.69,0.20184,0.66,0.21437
Model_2021-06-10_22-47-29,1623358056.763,0.66,0.19509,0.71,0.18927
Model_2021-06-10_22-47-29,1623358056.779,0.74,0.19214,0.67,0.20421
Model_2021-06-10_22-47-29,1623358056.796,0.58,0.23677,0.67,0.20727
Model_2021-06-10_22-47-29,1623358056.813,0.71,0.1813,0.66,0.21656
Model_2021-06-10_22-47-29,1623358056.829,0.7,0.20166,0.67,0.20363
Model_2021-06-10_22-47-29,1623358056.846,0.56,0.23234,0.73,0.18553
Model_2021-06-10_22-47-29,1623358056.864,0.59,0.23647,0.65,0.21086
Model_2021-06-10_22-47-29,1623358056.886,0.73,0.18167,0.71,0.21027
Model_2021-06-10_22-47-29,1623358056.906,0.72,0.1917,0.69,0.21711
Model_2021-06-10_22-47-29,1623358056.927,0.72,0.19724,0.72,0.19085
Model_2021-06-10_22-47-29,1623358056.948,0.66,0.18636,0.75,0.17403
Model_2021-06-10_22-47-29,1623358056.964,0.72,0.17737,0.73,0.20067
Model_2021-06-10_22-47-29,1623358056.981,0.73,0.20315,0.66,0.21363
Model_2021-06-10_22-47-29,1623358056.999,0.64,0.21503,0.66,0.19883
Model_2021-06-10_22-47-29,1623358057.015,0.71,0.18412,0.75,0.16909
Model_2021-06-10_22-47-29,1623358057.034,0.7,0.20207,0.75,0.17336
Model_2021-06-10_22-47-29,1623358057.053,0.71,0.19312,0.67,0.19737
Model_2021-06-10_22-47-29,1623358057.073,0.67,0.18809,0.7,0.19946
Model_2021-06-10_22-47-29,1623358057.094,0.7,0.20158,0.73,0.1812
Model_2021-06-10_22-47-29,1623358057.112,0.73,0.18385,0.62,0.23109
Model_2021-06-10_22-47-29,1623358057.128,0.75,0.17396,0.68,0.20078
Model_2021-06-10_22-47-29,1623358057.145,0.6,0.22469,0.74,0.16809
Model_2021-06-10_22-47-29,1623358057.163,0.72,0.18642,0.72,0.18807
Model_2021-06-10_22-47-29,1623358057.179,0.68,0.20899,0.74,0.18091
Model_2021-06-10_22-47-29,1623358057.195,0.67,0.21378,0.71,0.19853
Model_2021-06-10_22-47-29,1623358057.216,0.8,0.17551,0.73,0.17204
Model_2021-06-10_22-47-29,1623358057.238,0.78,0.16654,0.73,0.17711
Model_2021-06-10_22-47-29,1623358057.258,0.8,0.1511,0.71,0.19081
Model_2021-06-10_22-47-29,1623358057.274,0.67,0.21512,0.69,0.17789
Model_2021-06-10_22-47-29,1623358057.29,0.76,0.15029,0.68,0.19536
Model_2021-06-10_22-47-29,1623358057.307,0.69,0.20161,0.73,0.18682
Model_2021-06-10_22-47-29,1623358057.323,0.72,0.18033,0.77,0.17159
Model_2021-06-10_22-47-29,1623358057.342,0.79,0.16741,0.72,0.19126
Model_2021-06-10_22-47-29,1623358057.362,0.66,0.1966,0.75,0.18574
Model_2021-06-10_22-47-29,1623358057.378,0.73,0.19873,0.72,0.1662
Model_2021-06-10_22-47-29,1623358057.395,0.7,0.18996,0.7,0.19166
Model_2021-06-10_22-47-29,1623358057.412,0.62,0.2158,0.72,0.18671
Model_2021-06-10_22-47-29,1623358057.428,0.69,0.20266,0.73,0.18558
Model_2021-06-10_22-47-29,1623358057.445,0.68,0.19267,0.72,0.20627
Model_2021-06-10_22-47-29,1623358057.462,0.74,0.18276,0.76,0.19125
Model_2021-06-10_22-47-29,1623358057.478,0.73,0.18173,0.78,0.15856
Model_2021-06-10_22-47-29,1623358057.495,0.71,0.18343,0.72,0.19603
Model_2021-06-10_22-47-29,1623358057.511,0.72,0.1737,0.73,0.18865
Model_2021-06-10_22-47-29,1623358057.528,0.7,0.19432,0.69,0.20546
Model_2021-06-10_22-47-29,1623358057.546,0.65,0.22504,0.68,0.19373
Model_2021-06-10_22-47-29,1623358057.568,0.78,0.15938,0.75,0.17714
Model_2021-06-10_22-47-29,1623358057.586,0.71,0.20033,0.7,0.1833
Model_2021-06-10_22-47-29,1623358057.603,0.74,0.17654,0.72,0.17981
Model_2021-06-10_22-47-29,1623358057.62,0.68,0.20651,0.72,0.18434
Model_2021-06-10_22-47-29,1623358057.636,0.67,0.20126,0.7,0.19879
Model_2021-06-10_22-47-29,1623358057.653,0.7,0.1769,0.72,0.18565
Model_2021-06-10_22-47-29,1623358057.671,0.67,0.19864,0.73,0.18887
Model_2021-06-10_22-47-29,1623358057.686,0.75,0.15941,0.7,0.20286
Model_2021-06-10_22-47-29,1623358057.704,0.65,0.22001,0.78,0.17068
Model_2021-06-10_22-47-29,1623358057.721,0.77,0.15827,0.7,0.19773
Model_2021-06-10_22-47-29,1623358057.737,0.62,0.23781,0.74,0.18152
Model_2021-06-10_22-47-29,1623358057.754,0.7,0.20487,0.62,0.21779
Model_2021-06-10_22-47-29,1623358057.771,0.63,0.22383,0.71,0.19195
Model_2021-06-10_22-47-29,1623358057.788,0.72,0.19556,0.69,0.21057
Model_2021-06-10_22-47-29,1623358057.806,0.71,0.20656,0.66,0.20229
Model_2021-06-10_22-47-29,1623358057.822,0.64,0.21163,0.68,0.20242
Model_2021-06-10_22-47-29,1623358057.839,0.71,0.16978,0.68,0.20585
Model_2021-06-10_22-47-29,1623358057.857,0.68,0.19724,0.59,0.22827
Model_2021-06-10_22-47-29,1623358057.872,0.67,0.20974,0.67,0.19058
Model_2021-06-10_22-47-29,1623358057.89,0.68,0.19616,0.63,0.20873
Model_2021-06-10_22-47-29,1623358057.907,0.75,0.17969,0.67,0.20624
Model_2021-06-10_22-47-29,1623358057.926,0.72,0.18089,0.7,0.19814
Model_2021-06-10_22-47-29,1623358057.947,0.74,0.18812,0.75,0.17076
Model_2021-06-10_22-47-29,1623358057.969,0.75,0.18783,0.66,0.20488
Model_2021-06-10_22-47-29,1623358057.991,0.7,0.17155,0.73,0.19064
Model_2021-06-10_22-47-29,1623358058.006,0.67,0.20842,0.73,0.18675
Model_2021-06-10_22-47-29,1623358058.023,0.71,0.18978,0.72,0.19358
Model_2021-06-10_22-47-29,1623358058.039,0.71,0.20284,0.69,0.19016
Model_2021-06-10_22-47-29,1623358058.055,0.69,0.19305,0.68,0.19708
Model_2021-06-10_22-47-29,1623358058.074,0.71,0.2002,0.64,0.21977
Model_2021-06-10_22-47-29,1623358058.096,0.66,0.19696,0.68,0.18531
Model_2021-06-10_22-47-29,1623358058.111,0.67,0.19721,0.71,0.17966
Model_2021-06-10_22-47-29,1623358058.127,0.74,0.17846,0.73,0.17594
Model_2021-06-10_22-47-29,1623358058.143,0.68,0.21542,0.67,0.21084
Model_2021-06-10_22-47-29,1623358058.161,0.65,0.20793,0.61,0.22913
Model_2021-06-10_22-47-29,1623358058.18,0.75,0.17793,0.67,0.21198
Model_2021-06-10_22-47-29,1623358058.2,0.82,0.14162,0.78,0.17056
Model_2021-06-10_22-47-29,1623358058.213,0.77,0.15675,0.69,0.20761
Model_2021-06-10_22-47-29,1623358058.226,0.76,0.16406,0.67,0.21158
Model_2021-06-10_22-47-29,1623358058.238,0.64,0.21604,0.72,0.18322
Model_2021-06-10_22-47-29,1623358058.251,0.73,0.20702,0.79,0.16725
Model_2021-06-10_22-47-29,1623358058.267,0.66,0.20344,0.7,0.18683
Model_2021-06-10_22-47-29,1623358058.284,0.71,0.20362,0.72,0.19657
Model_2021-06-10_22-47-29,1623358058.298,0.68,0.18639,0.7,0.19175
Model_2021-06-10_22-47-29,1623358058.313,0.68,0.20666,0.72,0.1977
Model_2021-06-10_22-47-29,1623358058.328,0.81,0.17544,0.68,0.21834
Model_2021-06-10_22-47-29,1623358058.342,0.72,0.1899,0.77,0.18897
Model_2021-06-10_22-47-29,1623358058.353,0.712,0.17934,0.71,0.18568
Model_2021-06-10_22-47-29,1623358058.368,0.76,0.17437,0.81,0.15983
Model_2021-06-10_22-47-29,1623358058.382,0.73,0.1819,0.72,0.19982
Model_2021-06-10_22-47-29,1623358058.397,0.78,0.1764,0.7,0.20617
Model_2021-06-10_22-47-29,1623358058.411,0.72,0.19449,0.74,0.16476
Model_2021-06-10_22-47-29,1623358058.426,0.83,0.13301,0.7,0.17931
Model_2021-06-10_22-47-29,1623358058.441,0.75,0.16726,0.69,0.20842
Model_2021-06-10_22-47-29,1623358058.455,0.72,0.17907,0.76,0.18092
Model_2021-06-10_22-47-29,1623358058.47,0.66,0.19475,0.7,0.20011
Model_2021-06-10_22-47-29,1623358058.484,0.79,0.15394,0.8,0.16879
Model_2021-06-10_22-47-29,1623358058.499,0.7,0.18591,0.69,0.18319
Model_2021-06-10_22-47-29,1623358058.514,0.69,0.19003,0.6,0.21423
Model_2021-06-10_22-47-29,1623358058.529,0.7,0.1864,0.69,0.20988
Model_2021-06-10_22-47-29,1623358058.544,0.73,0.17708,0.78,0.1815
Model_2021-06-10_22-47-29,1623358058.559,0.62,0.22989,0.74,0.17576
Model_2021-06-10_22-47-29,1623358058.574,0.78,0.16549,0.75,0.18675
Model_2021-06-10_22-47-29,1623358058.589,0.75,0.17552,0.73,0.19395
Model_2021-06-10_22-47-29,1623358058.604,0.66,0.20786,0.74,0.18485
Model_2021-06-10_22-47-29,1623358058.619,0.7,0.20245,0.76,0.18553
Model_2021-06-10_22-47-29,1623358058.634,0.75,0.16576,0.79,0.15704
Model_2021-06-10_22-47-29,1623358058.649,0.73,0.17064,0.67,0.20641
Model_2021-06-10_22-47-29,1623358058.664,0.79,0.16481,0.74,0.17687
Model_2021-06-10_22-47-29,1623358058.679,0.77,0.18601,0.76,0.17549
Model_2021-06-10_22-47-29,1623358058.694,0.73,0.18279,0.73,0.17664
Model_2021-06-10_22-47-29,1623358058.708,0.72,0.1961,0.74,0.19344
Model_2021-06-10_22-47-29,1623358058.723,0.78,0.16351,0.71,0.19019
Model_2021-06-10_22-47-29,1623358058.738,0.68,0.20895,0.77,0.16546
Model_2021-06-10_22-47-29,1623358058.753,0.69,0.18924,0.77,0.15694
Model_2021-06-10_22-47-29,1623358058.767,0.75,0.18864,0.75,0.18204
Model_2021-06-10_22-47-29,1623358058.782,0.75,0.18528,0.72,0.19612
Model_2021-06-10_22-47-29,1623358058.797,0.68,0.20181,0.78,0.16067
Model_2021-06-10_22-47-29,1623358058.812,0.66,0.19157,0.7,0.20549
Model_2021-06-10_22-47-29,1623358058.827,0.7,0.19833,0.59,0.23937
Model_2021-06-10_22-47-29,1623358058.842,0.69,0.20463,0.72,0.18498
Model_2021-06-10_22-47-29,1623358058.856,0.56,0.24246,0.7,0.20642
Model_2021-06-10_22-47-29,1623358058.871,0.67,0.20861,0.65,0.22949
Model_2021-06-10_22-47-29,1623358058.886,0.72,0.18231,0.72,0.19265
Model_2021-06-10_22-47-29,1623358058.901,0.67,0.20252,0.75,0.18532
Model_2021-06-10_22-47-29,1623358058.916,0.69,0.20045,0.74,0.17902
Model_2021-06-10_22-47-29,1623358058.931,0.75,0.16393,0.78,0.15352
Model_2021-06-10_22-47-29,1623358058.946,0.69,0.18245,0.74,0.19033
Model_2021-06-10_22-47-29,1623358058.96,0.71,0.1971,0.65,0.21368
Model_2021-06-10_22-47-29,1623358058.975,0.72,0.16336,0.72,0.18176
Model_2021-06-10_22-47-29,1623358058.99,0.71,0.16124,0.67,0.22799
Model_2021-06-10_22-47-29,1623358059.005,0.6,0.21638,0.74,0.18752
Model_2021-06-10_22-47-29,1623358059.019,0.64,0.21435,0.78,0.17676
Model_2021-06-10_22-47-29,1623358059.034,0.68,0.20019,0.64,0.2197
Model_2021-06-10_22-47-29,1623358059.049,0.7,0.20682,0.72,0.19299
Model_2021-06-10_22-47-29,1623358059.063,0.71,0.18895,0.61,0.20652
Model_2021-06-10_22-47-29,1623358059.078,0.75,0.19497,0.73,0.18236
Model_2021-06-10_22-47-29,1623358059.093,0.8,0.16593,0.74,0.18562
Model_2021-06-10_22-47-29,1623358059.108,0.79,0.15841,0.75,0.19152
Model_2021-06-10_22-47-29,1623358059.123,0.64,0.20995,0.67,0.21485
Model_2021-06-10_22-47-29,1623358059.138,0.64,0.19937,0.69,0.18202
Model_2021-06-10_22-47-29,1623358059.152,0.71,0.18283,0.67,0.20473
Model_2021-06-10_22-47-29,1623358059.167,0.68,0.19189,0.74,0.1758
Model_2021-06-10_22-47-29,1623358059.182,0.73,0.17976,0.63,0.21664
Model_2021-06-10_22-47-29,1623358059.197,0.68,0.19965,0.75,0.17757
Model_2021-06-10_22-47-29,1623358059.212,0.63,0.22893,0.74,0.18471
Model_2021-06-10_22-47-29,1623358059.226,0.75,0.17703,0.68,0.18461
Model_2021-06-10_22-47-29,1623358059.241,0.67,0.20378,0.68,0.20194
Model_2021-06-10_22-47-29,1623358059.256,0.67,0.19518,0.74,0.18892
Model_2021-06-10_22-47-29,1623358059.27,0.76,0.15729,0.65,0.22026
Model_2021-06-10_22-47-29,1623358059.285,0.68,0.1917,0.66,0.2071
Model_2021-06-10_22-47-29,1623358059.3,0.65,0.22555,0.72,0.19585
Model_2021-06-10_22-47-29,1623358059.315,0.71,0.18768,0.69,0.19625
Model_2021-06-10_22-47-29,1623358059.329,0.73,0.18036,0.78,0.17133
Model_2021-06-10_22-47-29,1623358059.344,0.76,0.17685,0.76,0.18535
Model_2021-06-10_22-47-29,1623358059.359,0.69,0.20123,0.74,0.15563
Model_2021-06-10_22-47-29,1623358059.373,0.69,0.20836,0.74,0.17064
Model_2021-06-10_22-47-29,1623358059.388,0.78,0.16668,0.75,0.17857
Model_2021-06-10_22-47-29,1623358059.403,0.77,0.16753,0.68,0.19572
Model_2021-06-10_22-47-29,1623358059.418,0.68,0.19572,0.73,0.18383
Model_2021-06-10_22-47-29,1623358059.433,0.8,0.15581,0.66,0.19377
Model_2021-06-10_22-47-29,1623358059.447,0.76,0.16089,0.62,0.22918
Model_2021-06-10_22-47-29,1623358059.462,0.68,0.19402,0.79,0.14892
Model_2021-06-10_22-47-29,1623358059.477,0.72,0.18156,0.64,0.1955
Model_2021-06-10_22-47-29,1623358059.491,0.73,0.17887,0.77,0.15855
Model_2021-06-10_22-47-29,1623358059.506,0.74,0.17976,0.7,0.1924
Model_2021-06-10_22-47-29,1623358059.521,0.73,0.18448,0.7,0.19521
Model_2021-06-10_22-47-29,1623358059.536,0.71,0.19841,0.68,0.20765
Model_2021-06-10_22-47-29,1623358059.551,0.75,0.17337,0.76,0.18655
Model_2021-06-10_22-47-29,1623358059.565,0.73,0.20017,0.77,0.15934
Model_2021-06-10_22-47-29,1623358059.58,0.66,0.19364,0.74,0.18279
Model_2021-06-10_22-47-29,1623358059.595,0.77,0.16089,0.68,0.20327
Model_2021-06-10_22-47-29,1623358059.61,0.65,0.19005,0.66,0.1899
Model_2021-06-10_22-47-29,1623358059.624,0.74,0.17263,0.83,0.139
Model_2021-06-10_22-47-29,1623358059.639,0.7,0.18139,0.77,0.16113
Model_2021-06-10_22-47-29,1623358059.654,0.7,0.18311,0.71,0.1995
Model_2021-06-10_22-47-29,1623358059.669,0.75,0.17405,0.76,0.15441
Model_2021-06-10_22-47-29,1623358059.683,0.78,0.14711,0.77,0.16467
Model_2021-06-10_22-47-29,1623358059.698,0.7,0.1923,0.72,0.1739
Model_2021-06-10_22-47-29,1623358059.713,0.71,0.19341,0.71,0.18497
Model_2021-06-10_22-47-29,1623358059.728,0.74,0.17416,0.78,0.13378
Model_2021-06-10_22-47-29,1623358059.743,0.68,0.19706,0.72,0.16689
Model_2021-06-10_22-47-29,1623358059.758,0.68,0.19366,0.74,0.19758
Model_2021-06-10_22-47-29,1623358059.772,0.75,0.162,0.66,0.20575
Model_2021-06-10_22-47-29,1623358059.787,0.68,0.18936,0.71,0.20452
Model_2021-06-10_22-47-29,1623358059.802,0.78,0.16702,0.72,0.18265
Model_2021-06-10_22-47-29,1623358059.818,0.79,0.16704,0.68,0.21178
Model_2021-06-10_22-47-29,1623358059.832,0.77,0.17974,0.75,0.16476
Model_2021-06-10_22-47-29,1623358059.847,0.7,0.19288,0.7,0.17584
Model_2021-06-10_22-47-29,1623358059.862,0.79,0.14809,0.64,0.1999
Model_2021-06-10_22-47-29,1623358059.878,0.75,0.16891,0.79,0.15768
Model_2021-06-10_22-47-29,1623358059.892,0.72,0.18383,0.75,0.17629
Model_2021-06-10_22-47-29,1623358059.907,0.64,0.20712,0.79,0.13907
Model_2021-06-10_22-47-29,1623358059.922,0.78,0.15975,0.68,0.21591
Model_2021-06-10_22-47-29,1623358059.937,0.68,0.2197,0.67,0.19041
Model_2021-06-10_22-47-29,1623358059.952,0.76,0.15991,0.69,0.18977
Model_2021-06-10_22-47-29,1623358059.966,0.83,0.12753,0.7,0.2026
Model_2021-06-10_22-47-29,1623358059.981,0.75,0.16386,0.79,0.17474
Model_2021-06-10_22-47-29,1623358059.996,0.71,0.16912,0.79,0.14733
Model_2021-06-10_22-47-29,1623358060.011,0.65,0.21247,0.71,0.18113
Model_2021-06-10_22-47-29,1623358060.026,0.68,0.19245,0.8,0.14899
Model_2021-06-10_22-47-29,1623358060.041,0.82,0.14592,0.77,0.14149
Model_2021-06-10_22-47-29,1623358060.055,0.73,0.17241,0.76,0.17146
Model_2021-06-10_22-47-29,1623358060.07,0.77,0.16743,0.7,0.19811
Model_2021-06-10_22-47-29,1623358060.085,0.76,0.15246,0.7,0.1998
Model_2021-06-10_22-47-29,1623358060.099,0.78,0.15483,0.78,0.15345
Model_2021-06-10_22-47-29,1623358060.114,0.78,0.15363,0.81,0.1472
Model_2021-06-10_22-47-29,1623358060.129,0.76,0.163,0.78,0.16252
Model_2021-06-10_22-47-29,1623358060.144,0.69,0.19218,0.74,0.18509
Model_2021-06-10_22-47-29,1623358060.159,0.76,0.15385,0.78,0.14949
Model_2021-06-10_22-47-29,1623358060.173,0.82,0.1373,0.72,0.1809
Model_2021-06-10_22-47-29,1623358060.188,0.68,0.22827,0.76,0.17688
Model_2021-06-10_22-47-29,1623358060.203,0.74,0.17184,0.71,0.18503
Model_2021-06-10_22-47-29,1623358060.218,0.76,0.1654,0.74,0.17856
Model_2021-06-10_22-47-29,1623358060.233,0.8,0.16769,0.76,0.16693
Model_2021-06-10_22-47-29,1623358060.247,0.79,0.14977,0.72,0.17104
Model_2021-06-10_22-47-29,1623358060.262,0.71,0.19601,0.69,0.18746
Model_2021-06-10_22-47-29,1623358060.277,0.68,0.18397,0.72,0.17019
Model_2021-06-10_22-47-29,1623358060.291,0.76,0.1636,0.75,0.15541
Model_2021-06-10_22-47-29,1623358060.306,0.77,0.17794,0.81,0.14528
Model_2021-06-10_22-47-29,1623358060.321,0.79,0.15392,0.75,0.17804
Model_2021-06-10_22-47-29,1623358060.336,0.73,0.18532,0.73,0.18208
Model_2021-06-10_22-47-29,1623358060.351,0.7,0.20968,0.78,0.16184
Model_2021-06-10_22-47-29,1623358060.366,0.78,0.15806,0.74,0.16147
Model_2021-06-10_22-47-29,1623358060.381,0.76,0.17182,0.58,0.23225
Model_2021-06-10_22-47-29,1623358060.396,0.69,0.20128,0.68,0.19085
Model_2021-06-10_22-47-29,1623358060.411,0.61,0.23041,0.8,0.15518
Model_2021-06-10_22-47-29,1623358060.426,0.77,0.15631,0.8,0.1574
Model_2021-06-10_22-47-29,1623358060.441,0.81,0.14885,0.65,0.22774
Model_2021-06-10_22-47-29,1623358060.456,0.74,0.16485,0.66,0.21052
Model_2021-06-10_22-47-29,1623358060.471,0.71,0.17416,0.7,0.20079
Model_2021-06-10_22-47-29,1623358060.486,0.8,0.14875,0.71,0.1948
Model_2021-06-10_22-47-29,1623358060.501,0.71,0.17804,0.72,0.16612
Model_2021-06-10_22-47-29,1623358060.516,0.7,0.18586,0.67,0.21284
Model_2021-06-10_22-47-29,1623358060.531,0.74,0.16367,0.7,0.20771
Model_2021-06-10_22-47-29,1623358060.546,0.73,0.1907,0.77,0.1582
Model_2021-06-10_22-47-29,1623358060.56,0.73,0.16998,0.75,0.16259
Model_2021-06-10_22-47-29,1623358060.575,0.77,0.15126,0.73,0.19481
Model_2021-06-10_22-47-29,1623358060.59,0.72,0.18632,0.67,0.21079
Model_2021-06-10_22-47-29,1623358060.605,0.7,0.16768,0.67,0.21348
Model_2021-06-10_22-47-29,1623358060.62,0.82,0.1409,0.73,0.17074
Model_2021-06-10_22-47-29,1623358060.635,0.68,0.20319,0.74,0.18641
Model_2021-06-10_22-47-29,1623358060.65,0.76,0.16049,0.75,0.1776
Model_2021-06-10_22-47-29,1623358060.665,0.74,0.18429,0.73,0.19573
Model_2021-06-10_22-47-29,1623358060.68,0.69,0.20018,0.73,0.18839
Model_2021-06-10_22-47-29,1623358060.694,0.79,0.16567,0.73,0.17505
Model_2021-06-10_22-47-29,1623358060.709,0.84,0.15524,0.73,0.18156
Model_2021-06-10_22-47-29,1623358060.724,0.84,0.1318,0.73,0.15902
Model_2021-06-10_22-47-29,1623358060.739,0.72,0.17998,0.73,0.19119
Model_2021-06-10_22-47-29,1623358060.753,0.81,0.13515,0.7,0.19584
Model_2021-06-10_22-47-29,1623358060.768,0.75,0.17866,0.77,0.15634
Model_2021-06-10_22-47-29,1623358060.783,0.77,0.14459,0.67,0.23147
Model_2021-06-10_22-47-29,1623358060.798,0.75,0.16304,0.75,0.14232
Model_2021-06-10_22-47-29,1623358060.813,0.69,0.17867,0.61,0.20283
Model_2021-06-10_22-47-29,1623358060.828,0.73,0.17821,0.68,0.20526
Model_2021-06-10_22-47-29,1623358060.843,0.79,0.15392,0.76,0.15822
Model_2021-06-10_22-47-29,1623358060.858,0.64,0.20676,0.81,0.13916
Model_2021-06-10_22-47-29,1623358060.873,0.74,0.1823,0.74,0.18163
Model_2021-06-10_22-47-29,1623358060.888,0.77,0.153,0.74,0.17995
Model_2021-06-10_22-47-29,1623358060.903,0.77,0.15278,0.79,0.14518
Model_2021-06-10_22-47-29,1623358060.917,0.74,0.16159,0.72,0.20689
Model_2021-06-10_22-47-29,1623358060.932,0.81,0.14887,0.79,0.17663
Model_2021-06-10_22-47-29,1623358060.947,0.78,0.13303,0.75,0.17523
Model_2021-06-10_22-47-29,1623358060.962,0.71,0.18423,0.79,0.14684
Model_2021-06-10_22-47-29,1623358060.977,0.71,0.19339,0.76,0.16012
Model_2021-06-10_22-47-29,1623358060.992,0.86,0.12962,0.74,0.1632
Model_2021-06-10_22-47-29,1623358061.007,0.69,0.184,0.84,0.13568
Model_2021-06-10_22-47-29,1623358061.022,0.82,0.13944,0.74,0.18782
Model_2021-06-10_22-47-29,1623358061.037,0.67,0.19083,0.84,0.14468
Model_2021-06-10_22-47-29,1623358061.051,0.67,0.19032,0.78,0.1549
Model_2021-06-10_22-47-29,1623358061.066,0.75,0.16624,0.76,0.16749
Model_2021-06-10_22-47-29,1623358061.081,0.79,0.15764,0.82,0.14022
Model_2021-06-10_22-47-29,1623358061.096,0.86,0.1112,0.75,0.16334
Model_2021-06-10_22-47-29,1623358061.111,0.71,0.18748,0.78,0.17177
Model_2021-06-10_22-47-29,1623358061.125,0.78,0.13596,0.74,0.18635
Model_2021-06-10_22-47-29,1623358061.14,0.72,0.20769,0.8,0.15488
Model_2021-06-10_22-47-29,1623358061.155,0.72,0.18035,0.73,0.17171
Model_2021-06-10_22-47-29,1623358061.17,0.73,0.18045,0.76,0.16476
Model_2021-06-10_22-47-29,1623358061.185,0.78,0.16248,0.76,0.16666
Model_2021-06-10_22-47-29,1623358061.199,0.75,0.19007,0.73,0.19192
Model_2021-06-10_22-47-29,1623358061.212,0.7,0.18769,0.68,0.20379
Model_2021-06-10_22-47-29,1623358061.226,0.73,0.15768,0.79,0.15708
Model_2021-06-10_22-47-29,1623358061.239,0.72,0.17459,0.8,0.13122
Model_2021-06-10_22-47-29,1623358061.252,0.73,0.17384,0.72,0.18065
Model_2021-06-10_22-47-29,1623358061.264,0.76,0.15422,0.8,0.14786
Model_2021-06-10_22-47-29,1623358061.278,0.78,0.1667,0.71,0.1885
Model_2021-06-10_22-47-29,1623358061.291,0.73,0.16109,0.76,0.16603
Model_2021-06-10_22-47-29,1623358061.303,0.77,0.16827,0.82,0.14542
Model_2021-06-10_22-47-29,1623358061.317,0.75,0.17507,0.81,0.15204
Model_2021-06-10_22-47-29,1623358061.33,0.8,0.13925,0.83,0.13317
Model_2021-06-10_22-47-29,1623358061.343,0.72,0.17614,0.71,0.18329
Model_2021-06-10_22-47-29,1623358061.357,0.74,0.16473,0.74,0.16018
Model_2021-06-10_22-47-29,1623358061.369,0.76,0.16018,0.77,0.1562
Model_2021-06-10_22-47-29,1623358061.383,0.76,0.15775,0.71,0.17843
Model_2021-06-10_22-47-29,1623358061.398,0.79,0.14507,0.75,0.16677
Model_2021-06-10_22-47-29,1623358061.413,0.74,0.16143,0.77,0.15051
Model_2021-06-10_22-47-29,1623358061.428,0.71,0.16597,0.75,0.17483
Model_2021-06-10_22-47-29,1623358061.443,0.78,0.16735,0.76,0.15897
Model_2021-06-10_22-47-29,1623358061.457,0.71,0.18777,0.78,0.15267
Model_2021-06-10_22-47-29,1623358061.472,0.67,0.18894,0.75,0.16612
Model_2021-06-10_22-47-29,1623358061.486,0.79,0.13959,0.78,0.15525
Model_2021-06-10_22-47-29,1623358061.501,0.8,0.11694,0.76,0.16518
Model_2021-06-10_22-47-29,1623358061.517,0.86,0.11947,0.76,0.16716
Model_2021-06-10_22-47-29,1623358061.536,0.84,0.12082,0.66,0.20358
Model_2021-06-10_22-47-29,1623358061.551,0.74,0.19538,0.75,0.17682
Model_2021-06-10_22-47-29,1623358061.566,0.73,0.19294,0.73,0.19127
Model_2021-06-10_22-47-29,1623358061.582,0.7,0.18558,0.82,0.14052
Model_2021-06-10_22-47-29,1623358061.597,0.8,0.16662,0.78,0.12342
Model_2021-06-10_22-47-29,1623358061.611,0.72,0.16404,0.72,0.19533
Model_2021-06-10_22-47-29,1623358061.626,0.72,0.18823,0.73,0.17494
Model_2021-06-10_22-47-29,1623358061.641,0.79,0.15239,0.79,0.14434
Model_2021-06-10_22-47-29,1623358061.655,0.78,0.15438,0.81,0.13511
Model_2021-06-10_22-47-29,1623358061.667,0.827,0.13217,0.81,0.14883
Model_2021-06-10_22-47-29,1623358061.682,0.74,0.1663,0.73,0.19452
Model_2021-06-10_22-47-29,1623358061.696,0.77,0.15911,0.74,0.16809
Model_2021-06-10_22-47-29,1623358061.711,0.81,0.1582,0.68,0.19888
Model_2021-06-10_22-47-29,1623358061.726,0.75,0.16639,0.72,0.16978
Model_2021-06-10_22-47-29,1623358061.741,0.85,0.11195,0.82,0.133
Model_2021-06-10_22-47-29,1623358061.756,0.82,0.14118,0.76,0.17082
Model_2021-06-10_22-47-29,1623358061.771,0.72,0.17825,0.78,0.14452
Model_2021-06-10_22-47-29,1623358061.786,0.74,0.15762,0.75,0.15528
Model_2021-06-10_22-47-29,1623358061.8,0.82,0.12023,0.78,0.1579
Model_2021-06-10_22-47-29,1623358061.815,0.78,0.15967,0.8,0.14567
Model_2021-06-10_22-47-29,1623358061.83,0.76,0.15341,0.73,0.17499
Model_2021-06-10_22-47-29,1623358061.844,0.75,0.16657,0.69,0.19824
Model_2021-06-10_22-47-29,1623358061.859,0.8,0.15405,0.78,0.16236
Model_2021-06-10_22-47-29,1623358061.874,0.73,0.17982,0.76,0.16835
Model_2021-06-10_22-47-29,1623358061.889,0.79,0.14187,0.8,0.15128
Model_2021-06-10_22-47-29,1623358061.903,0.77,0.1453,0.77,0.14983
Model_2021-06-10_22-47-29,1623358061.919,0.73,0.16783,0.72,0.17818
Model_2021-06-10_22-47-29,1623358061.934,0.76,0.17371,0.76,0.15767
Model_2021-06-10_22-47-29,1623358061.949,0.8,0.1477,0.74,0.19284
Model_2021-06-10_22-47-29,1623358061.964,0.8,0.14299,0.7,0.20895
Model_2021-06-10_22-47-29,1623358061.979,0.78,0.15308,0.77,0.16905
Model_2021-06-10_22-47-29,1623358061.994,0.79,0.15837,0.72,0.19041
Model_2021-06-10_22-47-29,1623358062.009,0.83,0.16016,0.84,0.14432
Model_2021-06-10_22-47-29,1623358062.024,0.73,0.18865,0.74,0.18551
Model_2021-06-10_22-47-29,1623358062.039,0.8,0.12706,0.78,0.14961
Model_2021-06-10_22-47-29,1623358062.054,0.73,0.18573,0.72,0.18771
Model_2021-06-10_22-47-29,1623358062.069,0.77,0.15717,0.79,0.152
Model_2021-06-10_22-47-29,1623358062.083,0.8,0.15812,0.81,0.13864
Model_2021-06-10_22-47-29,1623358062.098,0.75,0.16493,0.69,0.21492
Model_2021-06-10_22-47-29,1623358062.113,0.72,0.17394,0.7,0.20378
Model_2021-06-10_22-47-29,1623358062.128,0.73,0.17825,0.66,0.21965
Model_2021-06-10_22-47-29,1623358062.143,0.72,0.17981,0.74,0.18513
Model_2021-06-10_22-47-29,1623358062.157,0.73,0.1775,0.69,0.17397
Model_2021-06-10_22-47-29,1623358062.172,0.67,0.20556,0.72,0.18385
Model_2021-06-10_22-47-29,1623358062.187,0.75,0.17298,0.75,0.16742
Model_2021-06-10_22-47-29,1623358062.202,0.79,0.15006,0.81,0.13652
Model_2021-06-10_22-47-29,1623358062.217,0.73,0.16794,0.78,0.14667
Model_2021-06-10_22-47-29,1623358062.232,0.76,0.19143,0.74,0.18528
Model_2021-06-10_22-47-29,1623358062.246,0.78,0.15074,0.73,0.18711
Model_2021-06-10_22-47-29,1623358062.261,0.77,0.15295,0.84,0.12932
Model_2021-06-10_22-47-29,1623358062.276,0.75,0.1838,0.71,0.18552
Model_2021-06-10_22-47-29,1623358062.291,0.8,0.13335,0.6,0.23624
Model_2021-06-10_22-47-29,1623358062.306,0.8,0.14157,0.72,0.18241
Model_2021-06-10_22-47-29,1623358062.32,0.63,0.20209,0.65,0.2008
Model_2021-06-10_22-47-29,1623358062.335,0.73,0.18517,0.68,0.2115
Model_2021-06-10_22-47-29,1623358062.35,0.71,0.17512,0.75,0.18036
Model_2021-06-10_22-47-29,1623358062.364,0.76,0.18193,0.75,0.17083
Model_2021-06-10_22-47-29,1623358062.379,0.73,0.17488,0.71,0.18419
Model_2021-06-10_22-47-29,1623358062.394,0.74,0.1712,0.78,0.1502
Model_2021-06-10_22-47-29,1623358062.409,0.83,0.14453,0.77,0.1585
Model_2021-06-10_22-47-29,1623358062.424,0.83,0.13058,0.7,0.18634
Model_2021-06-10_22-47-29,1623358062.439,0.61,0.20823,0.76,0.16065
Model_2021-06-10_22-47-29,1623358062.453,0.68,0.18313,0.78,0.16807
Model_2021-06-10_22-47-29,1623358062.468,0.76,0.15433,0.78,0.17873
Model_2021-06-10_22-47-29,1623358062.483,0.74,0.1614,0.73,0.1842
Model_2021-06-10_22-47-29,1623358062.498,0.77,0.16708,0.76,0.16561
Model_2021-06-10_22-47-29,1623358062.513,0.73,0.17739,0.75,0.15952
Model_2021-06-10_22-47-29,1623358062.527,0.63,0.22003,0.67,0.22511
Model_2021-06-10_22-47-29,1623358062.542,0.77,0.15552,0.76,0.14174
Model_2021-06-10_22-47-29,1623358062.557,0.68,0.18712,0.77,0.14807
Model_2021-06-10_22-47-29,1623358062.572,0.72,0.17698,0.76,0.17091
Model_2021-06-10_22-47-29,1623358062.586,0.81,0.13056,0.67,0.21523
Model_2021-06-10_22-47-29,1623358062.601,0.75,0.18149,0.75,0.17401
Model_2021-06-10_22-47-29,1623358062.616,0.71,0.20085,0.8,0.14141
Model_2021-06-10_22-47-29,1623358062.631,0.78,0.16616,0.81,0.14196
Model_2021-06-10_22-47-29,1623358062.646,0.78,0.16327,0.71,0.16974
Model_2021-06-10_22-47-29,1623358062.661,0.78,0.15385,0.8,0.13958
Model_2021-06-10_22-47-29,1623358062.676,0.79,0.18066,0.76,0.16024
Model_2021-06-10_22-47-29,1623358062.691,0.73,0.18685,0.83,0.13699
Model_2021-06-10_22-47-29,1623358062.706,0.83,0.13295,0.75,0.17289
Model_2021-06-10_22-47-29,1623358062.721,0.78,0.16451,0.73,0.17847
Model_2021-06-10_22-47-29,1623358062.736,0.78,0.16204,0.73,0.16613
Model_2021-06-10_22-47-29,1623358062.751,0.82,0.13923,0.76,0.1693
Model_2021-06-10_22-47-29,1623358062.765,0.8,0.14493,0.68,0.20795
Model_2021-06-10_22-47-29,1623358062.78,0.78,0.158,0.86,0.11239
Model_2021-06-10_22-47-29,1623358062.795,0.75,0.16844,0.81,0.14951
Model_2021-06-10_22-47-29,1623358062.81,0.73,0.17359,0.72,0.20648
Model_2021-06-10_22-47-29,1623358062.825,0.76,0.14964,0.74,0.16206
Model_2021-06-10_22-47-29,1623358062.839,0.78,0.15456,0.73,0.16199
Model_2021-06-10_22-47-29,1623358062.854,0.76,0.16751,0.78,0.14331
Model_2021-06-10_22-47-29,1623358062.869,0.76,0.15535,0.75,0.15593
Model_2021-06-10_22-47-29,1623358062.883,0.75,0.17656,0.69,0.18666
Model_2021-06-10_22-47-29,1623358062.898,0.71,0.17132,0.77,0.15788
Model_2021-06-10_22-47-29,1623358062.913,0.8,0.14325,0.76,0.15805
Model_2021-06-10_22-47-29,1623358062.928,0.79,0.1429,0.85,0.11774
Model_2021-06-10_22-47-29,1623358062.943,0.83,0.13406,0.76,0.16317
Model_2021-06-10_22-47-29,1623358062.957,0.76,0.16462,0.83,0.13523
Model_2021-06-10_22-47-29,1623358062.972,0.79,0.15689,0.76,0.18048
Model_2021-06-10_22-47-29,1623358062.987,0.8,0.14043,0.77,0.16886
Model_2021-06-10_22-47-29,1623358063.002,0.84,0.12572,0.8,0.13292
Model_2021-06-10_22-47-29,1623358063.017,0.75,0.16722,0.73,0.17761
Model_2021-06-10_22-47-29,1623358063.031,0.76,0.16733,0.8,0.1191
Model_2021-06-10_22-47-29,1623358063.046,0.74,0.15426,0.78,0.14607
Model_2021-06-10_22-47-29,1623358063.061,0.74,0.18072,0.8,0.15421
Model_2021-06-10_22-47-29,1623358063.076,0.74,0.16843,0.82,0.13466
Model_2021-06-10_22-47-29,1623358063.091,0.82,0.142,0.73,0.16697
Model_2021-06-10_22-47-29,1623358063.106,0.76,0.1682,0.7,0.20884
Model_2021-06-10_22-47-29,1623358063.121,0.82,0.13354,0.71,0.19126
Model_2021-06-10_22-47-29,1623358063.136,0.81,0.15179,0.78,0.15386
Model_2021-06-10_22-47-29,1623358063.151,0.78,0.16203,0.79,0.1378
Model_2021-06-10_22-47-29,1623358063.165,0.77,0.16945,0.75,0.15683
Model_2021-06-10_22-47-29,1623358063.18,0.84,0.12449,0.71,0.18394
Model_2021-06-10_22-47-29,1623358063.195,0.77,0.16036,0.77,0.14408
Model_2021-06-10_22-47-29,1623358063.209,0.76,0.17203,0.85,0.12625
Model_2021-06-10_22-47-29,1623358063.224,0.67,0.19606,0.78,0.1525
Model_2021-06-10_22-47-29,1623358063.239,0.77,0.1449,0.66,0.19746
Model_2021-06-10_22-47-29,1623358063.254,0.71,0.2053,0.73,0.16779
Model_2021-06-10_22-47-29,1623358063.269,0.83,0.12718,0.74,0.18338
Model_2021-06-10_22-47-29,1623358063.284,0.84,0.12612,0.76,0.13991
Model_2021-06-10_22-47-29,1623358063.298,0.77,0.14325,0.77,0.16673
Model_2021-06-10_22-47-29,1623358063.313,0.77,0.15719,0.69,0.18999
Model_2021-06-10_22-47-29,1623358063.328,0.77,0.17454,0.72,0.17439
Model_2021-06-10_22-47-29,1623358063.343,0.76,0.16596,0.79,0.15633
Model_2021-06-10_22-47-29,1623358063.357,0.83,0.12159,0.84,0.12987
Model_2021-06-10_22-47-29,1623358063.372,0.75,0.17019,0.7,0.19556
Model_2021-06-10_22-47-29,1623358063.387,0.75,0.1641,0.83,0.12558
Model_2021-06-10_22-47-29,1623358063.402,0.81,0.1275,0.81,0.15374
Model_2021-06-10_22-47-29,1623358063.416,0.84,0.12721,0.7,0.18972
Model_2021-06-10_22-47-29,1623358063.431,0.79,0.1448,0.77,0.16429
Model_2021-06-10_22-47-29,1623358063.446,0.8,0.14329,0.84,0.14269
Model_2021-06-10_22-47-29,1623358063.461,0.69,0.18732,0.74,0.16785
Model_2021-06-10_22-47-29,1623358063.476,0.8,0.14441,0.74,0.17213
Model_2021-06-10_22-47-29,1623358063.491,0.83,0.12876,0.79,0.14459
Model_2021-06-10_22-47-29,1623358063.506,0.72,0.18393,0.72,0.18274
Model_2021-06-10_22-47-29,1623358063.521,0.78,0.14952,0.7,0.1902
Model_2021-06-10_22-47-29,1623358063.536,0.8,0.16018,0.69,0.18211
Model_2021-06-10_22-47-29,1623358063.551,0.78,0.14574,0.67,0.20105
Model_2021-06-10_22-47-29,1623358063.566,0.79,0.14078,0.8,0.13981
Model_2021-06-10_22-47-29,1623358063.58,0.78,0.14863,0.71,0.1823
Model_2021-06-10_22-47-29,1623358063.595,0.72,0.17343,0.79,0.14605
Model_2021-06-10_22-47-29,1623358063.61,0.76,0.15859,0.82,0.14708
Model_2021-06-10_22-47-29,1623358063.625,0.81,0.15041,0.77,0.1704
Model_2021-06-10_22-47-29,1623358063.64,0.82,0.13423,0.74,0.17857
Model_2021-06-10_22-47-29,1623358063.655,0.72,0.19642,0.78,0.16225
Model_2021-06-10_22-47-29,1623358063.669,0.74,0.18254,0.79,0.1427
Model_2021-06-10_22-47-29,1623358063.684,0.79,0.14218,0.75,0.15102
Model_2021-06-10_22-47-29,1623358063.699,0.75,0.17296,0.74,0.1711
Model_2021-06-10_22-47-29,1623358063.714,0.71,0.19136,0.74,0.17633
Model_2021-06-10_22-47-29,1623358063.728,0.68,0.21457,0.69,0.20562
Model_2021-06-10_22-47-29,1623358063.744,0.82,0.12791,0.78,0.14298
Model_2021-06-10_22-47-29,1623358063.759,0.78,0.15693,0.71,0.1948
Model_2021-06-10_22-47-29,1623358063.774,0.79,0.16256,0.75,0.16636
Model_2021-06-10_22-47-29,1623358063.789,0.76,0.16376,0.73,0.19758
Model_2021-06-10_22-47-29,1623358063.803,0.84,0.13239,0.73,0.18113
Model_2021-06-10_22-47-29,1623358063.818,0.82,0.14901,0.73,0.18607
Model_2021-06-10_22-47-29,1623358063.833,0.78,0.1594,0.78,0.16228
Model_2021-06-10_22-47-29,1623358063.848,0.8,0.1396,0.84,0.13372
Model_2021-06-10_22-47-29,1623358063.863,0.74,0.16845,0.72,0.173
Model_2021-06-10_22-47-29,1623358063.877,0.78,0.14463,0.81,0.13594
Model_2021-06-10_22-47-29,1623358063.892,0.81,0.1282,0.71,0.18409
Model_2021-06-10_22-47-29,1623358063.907,0.78,0.16871,0.68,0.18385
Model_2021-06-10_22-47-29,1623358063.922,0.76,0.13954,0.68,0.22242
Model_2021-06-10_22-47-29,1623358063.936,0.82,0.1337,0.75,0.18106
Model_2021-06-10_22-47-29,1623358063.951,0.71,0.20462,0.69,0.18279
Model_2021-06-10_22-47-29,1623358063.967,0.72,0.1594,0.81,0.14266
Model_2021-06-10_22-47-29,1623358063.982,0.76,0.15994,0.79,0.14424
Model_2021-06-10_22-47-29,1623358063.997,0.79,0.16692,0.78,0.13813
Model_2021-06-10_22-47-29,1623358064.011,0.83,0.14612,0.72,0.17069
Model_2021-06-10_22-47-29,1623358064.026,0.83,0.12771,0.76,0.16703
Model_2021-06-10_22-47-29,1623358064.041,0.83,0.12507,0.74,0.15923
Model_2021-06-10_22-47-29,1623358064.056,0.85,0.13517,0.73,0.17637
Model_2021-06-10_22-47-29,1623358064.071,0.84,0.11914,0.75,0.16542
Model_2021-06-10_22-47-29,1623358064.086,0.81,0.14018,0.79,0.15076
Model_2021-06-10_22-47-29,1623358064.101,0.8,0.13079,0.81,0.13161
Model_2021-06-10_22-47-29,1623358064.116,0.82,0.14544,0.79,0.18033
Model_2021-06-10_22-47-29,1623358064.131,0.76,0.15462,0.75,0.15292
Model_2021-06-10_22-47-29,1623358064.146,0.79,0.14679,0.88,0.11531
Model_2021-06-10_22-47-29,1623358064.161,0.81,0.13097,0.68,0.21762
Model_2021-06-10_22-47-29,1623358064.176,0.7,0.18068,0.78,0.14222
Model_2021-06-10_22-47-29,1623358064.19,0.83,0.14755,0.84,0.12387
Model_2021-06-10_22-47-29,1623358064.205,0.78,0.13883,0.7,0.20873
Model_2021-06-10_22-47-29,1623358064.22,0.84,0.13656,0.71,0.18147
Model_2021-06-10_22-47-29,1623358064.235,0.76,0.15963,0.72,0.18588
Model_2021-06-10_22-47-29,1623358064.249,0.8,0.13951,0.79,0.14703
Model_2021-06-10_22-47-29,1623358064.265,0.82,0.11892,0.77,0.16959
Model_2021-06-10_22-47-29,1623358064.28,0.77,0.1648,0.66,0.22442
Model_2021-06-10_22-47-29,1623358064.295,0.71,0.1745,0.66,0.21816
Model_2021-06-10_22-47-29,1623358064.31,0.87,0.11144,0.84,0.12317
Model_2021-06-10_22-47-29,1623358064.325,0.75,0.16349,0.7,0.18218
Model_2021-06-10_22-47-29,1623358064.34,0.79,0.12846,0.74,0.16412
Model_2021-06-10_22-47-29,1623358064.354,0.72,0.17444,0.77,0.15612
Model_2021-06-10_22-47-29,1623358064.369,0.74,0.1804,0.8,0.14201
Model_2021-06-10_22-47-29,1623358064.384,0.75,0.15494,0.73,0.17804
Model_2021-06-10_22-47-29,1623358064.399,0.82,0.12297,0.68,0.18752
Model_2021-06-10_22-47-29,1623358064.414,0.85,0.09934,0.74,0.15195
Model_2021-06-10_22-47-29,1623358064.429,0.76,0.16981,0.74,0.16352
Model_2021-06-10_22-47-29,1623358064.444,0.77,0.13584,0.67,0.20726
Model_2021-06-10_22-47-29,1623358064.458,0.74,0.17976,0.75,0.17175
Model_2021-06-10_22-47-29,1623358064.471,0.74,0.15646,0.63,0.21957
Model_2021-06-10_22-47-29,1623358064.488,0.77,0.15523,0.83,0.14495
Model_2021-06-10_22-47-29,1623358064.501,0.82,0.14159,0.73,0.17429
Model_2021-06-10_22-47-29,1623358064.515,0.73,0.18147,0.74,0.16929
Model_2021-06-10_22-47-29,1623358064.538,0.76,0.16109,0.7,0.22721
Model_2021-06-10_22-47-29,1623358064.556,0.8,0.14778,0.72,0.17272
Model_2021-06-10_22-47-29,1623358064.569,0.78,0.156,0.71,0.16592
Model_2021-06-10_22-47-29,1623358064.581,0.77,0.15972,0.85,0.11852
Model_2021-06-10_22-47-29,1623358064.595,0.81,0.12484,0.77,0.15553
Model_2021-06-10_22-47-29,1623358064.608,0.78,0.15272,0.68,0.18951
Model_2021-06-10_22-47-29,1623358064.621,0.81,0.13878,0.76,0.17735
Model_2021-06-10_22-47-29,1623358064.634,0.78,0.1539,0.75,0.16677
Model_2021-06-10_22-47-29,1623358064.646,0.77,0.15441,0.73,0.17869
Model_2021-06-10_22-47-29,1623358064.659,0.84,0.11808,0.8,0.15961
Model_2021-06-10_22-47-29,1623358064.672,0.76,0.1504,0.85,0.13328
Model_2021-06-10_22-47-29,1623358064.686,0.79,0.13864,0.77,0.16267
Model_2021-06-10_22-47-29,1623358064.699,0.74,0.14613,0.73,0.16732
Model_2021-06-10_22-47-29,1623358064.712,0.8,0.14385,0.72,0.16961
Model_2021-06-10_22-47-29,1623358064.725,0.85,0.12267,0.7,0.18826
Model_2021-06-10_22-47-29,1623358064.738,0.78,0.14342,0.75,0.15113
Model_2021-06-10_22-47-29,1623358064.751,0.8,0.13628,0.79,0.13649
Model_2021-06-10_22-47-29,1623358064.764,0.77,0.15954,0.79,0.15458
Model_2021-06-10_22-47-29,1623358064.777,0.76,0.17846,0.81,0.12587
Model_2021-06-10_22-47-29,1623358064.79,0.75,0.16181,0.78,0.135
Model_2021-06-10_22-47-29,1623358064.803,0.8,0.14661,0.71,0.19729
Model_2021-06-10_22-47-29,1623358064.816,0.93,0.08305,0.65,0.19869
Model_2021-06-10_22-47-29,1623358064.829,0.87,0.1025,0.76,0.16177
Model_2021-06-10_22-47-29,1623358064.842,0.84,0.1104,0.71,0.18326
Model_2021-06-10_22-47-29,1623358064.854,0.76,0.16594,0.8,0.15509
Model_2021-06-10_22-47-29,1623358064.867,0.76,0.17971,0.86,0.11479
Model_2021-06-10_22-47-29,1623358064.883,0.8,0.14407,0.75,0.17304
Model_2021-06-10_22-47-29,1623358064.896,0.81,0.1473,0.78,0.15694
Model_2021-06-10_22-47-29,1623358064.909,0.79,0.14561,0.73,0.1946
Model_2021-06-10_22-47-29,1623358064.922,0.75,0.16532,0.8,0.13247
Model_2021-06-10_22-47-29,1623358064.935,0.79,0.13509,0.72,0.17668
Model_2021-06-10_22-47-29,1623358064.948,0.78,0.13302,0.71,0.18991
Model_2021-06-10_22-47-29,1623358064.958,0.846,0.11241,0.77,0.17062
Model_2021-06-10_22-47-29,1623358064.971,0.79,0.14378,0.81,0.14035
Model_2021-06-10_22-47-29,1623358064.984,0.8,0.13858,0.73,0.18835
Model_2021-06-10_22-47-29,1623358064.996,0.81,0.14201,0.8,0.1313
Model_2021-06-10_22-47-29,1623358065.009,0.8,0.14803,0.74,0.16746
Model_2021-06-10_22-47-29,1623358065.022,0.86,0.10074,0.8,0.16675
Model_2021-06-10_22-47-29,1623358065.035,0.84,0.13112,0.74,0.17023
Model_2021-06-10_22-47-29,1623358065.048,0.76,0.166,0.83,0.12455
Model_2021-06-10_22-47-29,1623358065.062,0.8,0.13858,0.73,0.16381
Model_2021-06-10_22-47-29,1623358065.075,0.87,0.1042,0.72,0.17781
Model_2021-06-10_22-47-29,1623358065.088,0.83,0.14429,0.79,0.14295
Model_2021-06-10_22-47-29,1623358065.101,0.81,0.13561,0.66,0.2089
Model_2021-06-10_22-47-29,1623358065.114,0.75,0.16832,0.71,0.20317
Model_2021-06-10_22-47-29,1623358065.127,0.8,0.13038,0.77,0.19137
Model_2021-06-10_22-47-29,1623358065.14,0.75,0.17426,0.79,0.17399
Model_2021-06-10_22-47-29,1623358065.153,0.86,0.12763,0.8,0.14851
Model_2021-06-10_22-47-29,1623358065.166,0.83,0.12336,0.77,0.15266
Model_2021-06-10_22-47-29,1623358065.179,0.78,0.157,0.81,0.14113
Model_2021-06-10_22-47-29,1623358065.191,0.81,0.14664,0.73,0.17809
Model_2021-06-10_22-47-29,1623358065.205,0.82,0.12664,0.82,0.13192
Model_2021-06-10_22-47-29,1623358065.222,0.82,0.1356,0.76,0.16556
Model_2021-06-10_22-47-29,1623358065.235,0.81,0.13967,0.75,0.17449
Model_2021-06-10_22-47-29,1623358065.248,0.83,0.13642,0.8,0.13397
Model_2021-06-10_22-47-29,1623358065.261,0.84,0.1297,0.81,0.17388
Model_2021-06-10_22-47-29,1623358065.273,0.77,0.17425,0.79,0.13289
Model_2021-06-10_22-47-29,1623358065.287,0.84,0.10921,0.78,0.16032
Model_2021-06-10_22-47-29,1623358065.3,0.74,0.16024,0.72,0.18106
Model_2021-06-10_22-47-29,1623358065.312,0.82,0.13472,0.82,0.12864
Model_2021-06-10_22-47-29,1623358065.325,0.76,0.14652,0.82,0.1425
Model_2021-06-10_22-47-29,1623358065.338,0.74,0.16285,0.84,0.13399
Model_2021-06-10_22-47-29,1623358065.35,0.79,0.16062,0.79,0.15095
Model_2021-06-10_22-47-29,1623358065.363,0.78,0.1497,0.76,0.15251
Model_2021-06-10_22-47-29,1623358065.382,0.78,0.15797,0.72,0.18028
Model_2021-06-10_22-47-29,1623358065.4,0.74,0.16528,0.72,0.19549
Model_2021-06-10_22-47-29,1623358065.413,0.74,0.1837,0.72,0.1878
Model_2021-06-10_22-47-29,1623358065.426,0.79,0.14246,0.79,0.14354
Model_2021-06-10_22-47-29,1623358065.44,0.83,0.1308,0.71,0.18581
Model_2021-06-10_22-47-29,1623358065.453,0.76,0.16016,0.73,0.21033
Model_2021-06-10_22-47-29,1623358065.466,0.79,0.14787,0.83,0.13712
Model_2021-06-10_22-47-29,1623358065.478,0.81,0.13382,0.81,0.13073
Model_2021-06-10_22-47-29,1623358065.491,0.79,0.14066,0.75,0.19199
Model_2021-06-10_22-47-29,1623358065.504,0.77,0.16967,0.74,0.1691
Model_2021-06-10_22-47-29,1623358065.517,0.86,0.10534,0.8,0.17029
Model_2021-06-10_22-47-29,1623358065.53,0.85,0.11292,0.78,0.16071
Model_2021-06-10_22-47-29,1623358065.543,0.68,0.19334,0.85,0.13908
Model_2021-06-10_22-47-29,1623358065.556,0.79,0.15162,0.71,0.19423
Model_2021-06-10_22-47-29,1623358065.569,0.76,0.15031,0.75,0.17404
Model_2021-06-10_22-47-29,1623358065.582,0.75,0.18193,0.72,0.16484
Model_2021-06-10_22-47-29,1623358065.595,0.76,0.17199,0.77,0.16591
Model_2021-06-10_22-47-29,1623358065.608,0.79,0.14004,0.76,0.16701
Model_2021-06-10_22-47-29,1623358065.62,0.85,0.12243,0.71,0.18106
Model_2021-06-10_22-47-29,1623358065.633,0.83,0.12307,0.69,0.17672
Model_2021-06-10_22-47-29,1623358065.646,0.68,0.19695,0.74,0.16977
Model_2021-06-10_22-47-29,1623358065.659,0.76,0.1588,0.8,0.13565
Model_2021-06-10_22-47-29,1623358065.672,0.79,0.14169,0.78,0.15141
Model_2021-06-10_22-47-29,1623358065.685,0.82,0.13124,0.75,0.15373
Model_2021-06-10_22-47-29,1623358065.698,0.78,0.14879,0.7,0.19443
Model_2021-06-10_22-47-29,1623358065.711,0.8,0.1576,0.8,0.14656
Model_2021-06-10_22-47-29,1623358065.724,0.66,0.21218,0.76,0.15088
Model_2021-06-10_22-47-29,1623358065.737,0.84,0.12568,0.71,0.20105
Model_2021-06-10_22-47-29,1623358065.75,0.78,0.15005,0.74,0.15844
Model_2021-06-10_22-47-29,1623358065.764,0.78,0.15596,0.76,0.16784
Model_2021-06-10_22-47-29,1623358065.777,0.79,0.12426,0.68,0.22583
Model_2021-06-10_22-47-29,1623358065.79,0.74,0.17827,0.72,0.16735
Model_2021-06-10_22-47-29,1623358065.803,0.74,0.17522,0.67,0.17994
Model_2021-06-10_22-47-29,1623358065.822,0.8,0.14853,0.79,0.14374
Model_2021-06-10_22-47-29,1623358065.841,0.79,0.14155,0.71,0.18468
Model_2021-06-10_22-47-29,1623358065.854,0.75,0.15938,0.78,0.16191
Model_2021-06-10_22-47-29,1623358065.867,0.73,0.16474,0.7,0.20336
Model_2021-06-10_22-47-29,1623358065.881,0.75,0.16529,0.75,0.16876
Model_2021-06-10_22-47-29,1623358065.893,0.85,0.1186,0.7,0.19007
Model_2021-06-10_22-47-29,1623358065.906,0.8,0.15797,0.78,0.17079
Model_2021-06-10_22-47-29,1623358065.919,0.77,0.16121,0.76,0.16029
Model_2021-06-10_22-47-29,1623358065.933,0.81,0.13853,0.69,0.19922
Model_2021-06-10_22-47-29,1623358065.945,0.83,0.13063,0.77,0.16144
Model_2021-06-10_22-47-29,1623358065.958,0.77,0.14273,0.67,0.20494
Model_2021-06-10_22-47-29,1623358065.971,0.74,0.15654,0.7,0.1921
Model_2021-06-10_22-47-29,1623358065.984,0.8,0.1554,0.74,0.17938
Model_2021-06-10_22-47-29,1623358065.997,0.83,0.13959,0.74,0.18836
Model_2021-06-10_22-47-29,1623358066.011,0.79,0.13585,0.71,0.17825
Model_2021-06-10_22-47-29,1623358066.025,0.71,0.15669,0.77,0.15577
Model_2021-06-10_22-47-29,1623358066.038,0.81,0.12863,0.73,0.17593
Model_2021-06-10_22-47-29,1623358066.051,0.78,0.14042,0.77,0.14213
Model_2021-06-10_22-47-29,1623358066.064,0.73,0.15937,0.75,0.17713
Model_2021-06-10_22-47-29,1623358066.077,0.84,0.13087,0.86,0.12387
Model_2021-06-10_22-47-29,1623358066.09,0.87,0.11915,0.77,0.1641
Model_2021-06-10_22-47-29,1623358066.103,0.85,0.11217,0.83,0.12733
Model_2021-06-10_22-47-29,1623358066.117,0.77,0.15511,0.81,0.13005
Model_2021-06-10_22-47-29,1623358066.13,0.85,0.1319,0.69,0.19471
Model_2021-06-10_22-47-29,1623358066.146,0.83,0.12679,0.78,0.14374
Model_2021-06-10_22-47-29,1623358066.16,0.86,0.10912,0.75,0.17567
Model_2021-06-10_22-47-29,1623358066.173,0.75,0.15333,0.81,0.15345
Model_2021-06-10_22-47-29,1623358066.186,0.7,0.18413,0.81,0.14119
Model_2021-06-10_22-47-29,1623358066.202,0.82,0.1417,0.76,0.16401
Model_2021-06-10_22-47-29,1623358066.219,0.83,0.14385,0.75,0.17121
Model_2021-06-10_22-47-29,1623358066.236,0.74,0.1569,0.78,0.14512
Model_2021-06-10_22-47-29,1623358066.252,0.85,0.13131,0.71,0.18842
Model_2021-06-10_22-47-29,1623358066.27,0.76,0.15515,0.76,0.16078
Model_2021-06-10_22-47-29,1623358066.286,0.84,0.11855,0.75,0.16242
Model_2021-06-10_22-47-29,1623358066.302,0.84,0.14173,0.73,0.1759
Model_2021-06-10_22-47-29,1623358066.319,0.82,0.15776,0.82,0.14637
Model_2021-06-10_22-47-29,1623358066.335,0.75,0.16754,0.73,0.17444
Model_2021-06-10_22-47-29,1623358066.351,0.85,0.11261,0.78,0.14979
Model_2021-06-10_22-47-29,1623358066.367,0.8,0.1406,0.77,0.1515
Model_2021-06-10_22-47-29,1623358066.384,0.78,0.15233,0.75,0.15398
Model_2021-06-10_22-47-29,1623358066.401,0.69,0.18091,0.7,0.22908
Model_2021-06-10_22-47-29,1623358066.418,0.78,0.13882,0.74,0.17198
Model_2021-06-10_22-47-29,1623358066.434,0.76,0.18055,0.75,0.16035
Model_2021-06-10_22-47-29,1623358066.45,0.84,0.11502,0.73,0.17008
Model_2021-06-10_22-47-29,1623358066.466,0.83,0.12106,0.71,0.21227
Model_2021-06-10_22-47-29,1623358066.482,0.84,0.12472,0.68,0.17735
Model_2021-06-10_22-47-29,1623358066.498,0.81,0.14332,0.76,0.16079
Model_2021-06-10_22-47-29,1623358066.514,0.79,0.14185,0.8,0.14507
Model_2021-06-10_22-47-29,1623358066.53,0.75,0.16373,0.74,0.16039
Model_2021-06-10_22-47-29,1623358066.546,0.84,0.11337,0.77,0.14996
Model_2021-06-10_22-47-29,1623358066.562,0.79,0.14774,0.73,0.16602
Model_2021-06-10_22-47-29,1623358066.577,0.78,0.1502,0.7,0.17117
Model_2021-06-10_22-47-29,1623358066.592,0.81,0.12467,0.8,0.14195
Model_2021-06-10_22-47-29,1623358066.607,0.82,0.11006,0.81,0.1356
Model_2021-06-10_22-47-29,1623358066.622,0.8,0.13043,0.68,0.19404
Model_2021-06-10_22-47-29,1623358066.637,0.78,0.12848,0.76,0.15544
Model_2021-06-10_22-47-29,1623358066.651,0.73,0.17433,0.77,0.17704
Model_2021-06-10_22-47-29,1623358066.665,0.79,0.13683,0.69,0.19929
Model_2021-06-10_22-47-29,1623358066.679,0.81,0.12885,0.63,0.23632
Model_2021-06-10_22-47-29,1623358066.693,0.75,0.17313,0.75,0.16267
Model_2021-06-10_22-47-29,1623358066.707,0.79,0.13764,0.75,0.17749
Model_2021-06-10_22-47-29,1623358066.72,0.78,0.14927,0.75,0.17258
Model_2021-06-10_22-47-29,1623358066.733,0.75,0.15917,0.83,0.12425
Model_2021-06-10_22-47-29,1623358066.746,0.79,0.14466,0.72,0.1859
Model_2021-06-10_22-47-29,1623358066.759,0.81,0.15024,0.77,0.16312
Model_2021-06-10_22-47-29,1623358066.772,0.79,0.153,0.76,0.15206
Model_2021-06-10_22-47-29,1623358066.785,0.81,0.14779,0.76,0.1665
Model_2021-06-10_22-47-29,1623358066.798,0.76,0.17804,0.79,0.15133
Model_2021-06-10_22-47-29,1623358066.811,0.86,0.11309,0.74,0.16288
Model_2021-06-10_22-47-29,1623358066.824,0.71,0.18397,0.71,0.17452
Model_2021-06-10_22-47-29,1623358066.837,0.72,0.18296,0.78,0.16157
Model_2021-06-10_22-47-29,1623358066.849,0.79,0.13267,0.74,0.17079
Model_2021-06-10_22-47-29,1623358066.862,0.81,0.13664,0.71,0.17806
Model_2021-06-10_22-47-29,1623358066.875,0.78,0.14809,0.72,0.19255
Model_2021-06-10_22-47-29,1623358066.889,0.7,0.19314,0.71,0.17126
Model_2021-06-10_22-47-29,1623358066.902,0.84,0.12037,0.79,0.11931
Model_2021-06-10_22-47-29,1623358066.915,0.86,0.12513,0.75,0.1878
Model_2021-06-10_22-47-29,1623358066.928,0.79,0.12677,0.7,0.18087
Model_2021-06-10_22-47-29,1623358066.941,0.79,0.14278,0.75,0.16234
Model_2021-06-10_22-47-29,1623358066.954,0.85,0.1133,0.76,0.18131
Model_2021-06-10_22-47-29,1623358066.967,0.85,0.12458,0.79,0.14322
Model_2021-06-10_22-47-29,1623358066.979,0.74,0.16141,0.79,0.14938
Model_2021-06-10_22-47-29,1623358066.992,0.79,0.13031,0.66,0.19901
Model_2021-06-10_22-47-29,1623358067.005,0.79,0.16081,0.76,0.13455
Model_2021-06-10_22-47-29,1623358067.022,0.82,0.12934,0.74,0.17992
Model_2021-06-10_22-47-29,1623358067.035,0.87,0.10474,0.74,0.17046
Model_2021-06-10_22-47-29,1623358067.048,0.79,0.15755,0.79,0.13915
Model_2021-06-10_22-47-29,1623358067.061,0.81,0.13386,0.78,0.16365
Model_2021-06-10_22-47-29,1623358067.074,0.8,0.13019,0.75,0.18199
Model_2021-06-10_22-47-29,1623358067.088,0.75,0.17469,0.79,0.16063
Model_2021-06-10_22-47-29,1623358067.101,0.77,0.16005,0.78,0.12662
Model_2021-06-10_22-47-29,1623358067.114,0.8,0.13741,0.82,0.12536
Model_2021-06-10_22-47-29,1623358067.126,0.79,0.13749,0.74,0.18275
Model_2021-06-10_22-47-29,1623358067.139,0.81,0.15334,0.8,0.15587
Model_2021-06-10_22-47-29,1623358067.152,0.82,0.12977,0.81,0.1352
Model_2021-06-10_22-47-29,1623358067.165,0.82,0.11639,0.81,0.15015
Model_2021-06-10_22-47-29,1623358067.178,0.84,0.12235,0.68,0.18887
Model_2021-06-10_22-47-29,1623358067.191,0.85,0.12178,0.74,0.15774
Model_2021-06-10_22-47-29,1623358067.204,0.79,0.14231,0.79,0.1332
Model_2021-06-10_22-47-29,1623358067.218,0.81,0.11629,0.84,0.12286
Model_2021-06-10_22-47-29,1623358067.231,0.81,0.14435,0.86,0.11539
Model_2021-06-10_22-47-29,1623358067.244,0.77,0.14124,0.76,0.16373
Model_2021-06-10_22-47-29,1623358067.257,0.8,0.14732,0.75,0.14433
Model_2021-06-10_22-47-29,1623358067.27,0.85,0.1106,0.75,0.14545
Model_2021-06-10_22-47-29,1623358067.283,0.77,0.15957,0.75,0.17283
Model_2021-06-10_22-47-29,1623358067.295,0.77,0.15114,0.71,0.17791
Model_2021-06-10_22-47-29,1623358067.308,0.79,0.12752,0.77,0.1502
Model_2021-06-10_22-47-29,1623358067.32,0.88,0.11728,0.67,0.2313
Model_2021-06-10_22-47-29,1623358067.333,0.76,0.14165,0.8,0.14725
Model_2021-06-10_22-47-29,1623358067.346,0.81,0.12798,0.77,0.1539
Model_2021-06-10_22-47-29,1623358067.359,0.86,0.105,0.72,0.1926
Model_2021-06-10_22-47-29,1623358067.372,0.83,0.14389,0.72,0.20825
Model_2021-06-10_22-47-29,1623358067.385,0.74,0.16191,0.82,0.14055
Model_2021-06-10_22-47-29,1623358067.398,0.91,0.09395,0.78,0.14766
Model_2021-06-10_22-47-29,1623358067.41,0.77,0.15557,0.7,0.20028
Model_2021-06-10_22-47-29,1623358067.423,0.85,0.11361,0.74,0.17134
Model_2021-06-10_22-47-29,1623358067.439,0.77,0.15979,0.74,0.17893
Model_2021-06-10_22-47-29,1623358067.452,0.74,0.16279,0.8,0.13864
Model_2021-06-10_22-47-29,1623358067.465,0.78,0.14247,0.81,0.13205
Model_2021-06-10_22-47-29,1623358067.481,0.85,0.10259,0.86,0.11396
Model_2021-06-10_22-47-29,1623358067.494,0.87,0.08589,0.76,0.16206
Model_2021-06-10_22-47-29,1623358067.507,0.79,0.13885,0.77,0.15841
Model_2021-06-10_22-47-29,1623358067.519,0.84,0.12065,0.77,0.15617
Model_2021-06-10_22-47-29,1623358067.532,0.77,0.15393,0.72,0.15806
Model_2021-06-10_22-47-29,1623358067.545,0.79,0.14036,0.73,0.17619
Model_2021-06-10_22-47-29,1623358067.558,0.79,0.13921,0.71,0.19005
Model_2021-06-10_22-47-29,1623358067.571,0.8,0.12469,0.76,0.18247
Model_2021-06-10_22-47-29,1623358067.584,0.77,0.17422,0.69,0.18698
Model_2021-06-10_22-47-29,1623358067.597,0.83,0.13134,0.73,0.17475
Model_2021-06-10_22-47-29,1623358067.61,0.8,0.13622,0.77,0.15684
Model_2021-06-10_22-47-29,1623358067.623,0.8,0.13685,0.74,0.18621
Model_2021-06-10_22-47-29,1623358067.636,0.76,0.16188,0.74,0.19443
Model_2021-06-10_22-47-29,1623358067.649,0.8,0.12755,0.75,0.18181
Model_2021-06-10_22-47-29,1623358067.662,0.81,0.14047,0.75,0.15545
Model_2021-06-10_22-47-29,1623358067.675,0.84,0.11812,0.82,0.13872
Model_2021-06-10_22-47-29,1623358067.688,0.78,0.15224,0.74,0.1884
Model_2021-06-10_22-47-29,1623358067.701,0.77,0.13924,0.82,0.13196
Model_2021-06-10_22-47-29,1623358067.714,0.86,0.09435,0.71,0.20662
Model_2021-06-10_22-47-29,1623358067.727,0.82,0.11434,0.74,0.20375
Model_2021-06-10_22-47-29,1623358067.74,0.86,0.12326,0.72,0.18854
Model_2021-06-10_22-47-29,1623358067.752,0.77,0.14182,0.81,0.14673
Model_2021-06-10_22-47-29,1623358067.765,0.8,0.12985,0.86,0.12058
Model_2021-06-10_22-47-29,1623358067.778,0.83,0.11682,0.71,0.20039
Model_2021-06-10_22-47-29,1623358067.794,0.8,0.13224,0.75,0.17795
Model_2021-06-10_22-47-29,1623358067.809,0.8,0.13889,0.76,0.1627
Model_2021-06-10_22-47-29,1623358067.824,0.78,0.15815,0.71,0.17621
Model_2021-06-10_22-47-29,1623358067.839,0.76,0.17864,0.77,0.15693
Model_2021-06-10_22-47-29,1623358067.853,0.79,0.1471,0.74,0.19086
Model_2021-06-10_22-47-29,1623358067.868,0.79,0.1483,0.78,0.1448
Model_2021-06-10_22-47-29,1623358067.883,0.87,0.08996,0.82,0.13866
Model_2021-06-10_22-47-29,1623358067.898,0.87,0.08914,0.75,0.1776
Model_2021-06-10_22-47-29,1623358067.913,0.89,0.08514,0.79,0.14448
Model_2021-06-10_22-47-29,1623358067.927,0.78,0.14935,0.77,0.17023
Model_2021-06-10_22-47-29,1623358067.942,0.72,0.1688,0.74,0.18958
Model_2021-06-10_22-47-29,1623358067.962,0.75,0.16266,0.75,0.16078
Model_2021-06-10_22-47-29,1623358067.977,0.8,0.13943,0.76,0.18068
Model_2021-06-10_22-47-29,1623358067.992,0.79,0.12436,0.79,0.13112
Model_2021-06-10_22-47-29,1623358068.006,0.8,0.14838,0.71,0.19236
Model_2021-06-10_22-47-29,1623358068.021,0.81,0.14712,0.77,0.16544
Model_2021-06-10_22-47-29,1623358068.036,0.82,0.12087,0.75,0.16517
Model_2021-06-10_22-47-29,1623358068.047,0.846,0.10507,0.8,0.15698
